<?xml version="1.0" encoding="utf-8"?>
<CoverageSession xmlns:xsd="http://www.w3.org/2001/XMLSchema" xmlns:xsi="http://www.w3.org/2001/XMLSchema-instance">
  <Summary numSequencePoints="926" visitedSequencePoints="926" numBranchPoints="395" visitedBranchPoints="395" sequenceCoverage="100" branchCoverage="100" maxCyclomaticComplexity="15" minCyclomaticComplexity="1" visitedClasses="50" numClasses="50" visitedMethods="201" numMethods="201" />
  <Modules>
    <Module skippedDueTo="Filter" hash="EA-B3-A2-30-3C-4D-54-1C-6E-3A-4A-52-B7-61-53-86-B8-12-8D-49">
      <ModulePath>C:\WINDOWS\Microsoft.Net\assembly\GAC_64\mscorlib\v4.0_4.0.0.0__b77a5c561934e089\mscorlib.dll</ModulePath>
      <ModuleTime>2017-06-08T08:17:31.191706Z</ModuleTime>
      <ModuleName>mscorlib</ModuleName>
      <Classes />
    </Module>
    <Module skippedDueTo="MissingPdb" hash="8B-76-87-85-10-FD-4F-D5-FA-3B-F0-FC-6E-D4-B3-E1-09-23-E7-15">
      <ModulePath>C:\Users\hugh\.nuget\packages\xunit.runner.console\2.3.0-beta3-build3705\tools\net452\xunit.console.exe</ModulePath>
      <ModuleTime>2017-06-08T06:58:50Z</ModuleTime>
      <ModuleName>xunit.console</ModuleName>
      <Classes />
    </Module>
    <Module skippedDueTo="MissingPdb" hash="05-26-DA-30-4C-F1-F8-80-00-1B-CF-9B-D8-4F-41-E9-B7-6B-14-43">
      <ModulePath>C:\Users\hugh\.nuget\packages\xunit.runner.console\2.3.0-beta3-build3705\tools\net452\xunit.runner.utility.net452.dll</ModulePath>
      <ModuleTime>2017-06-08T06:58:50Z</ModuleTime>
      <ModuleName>xunit.runner.utility.net452</ModuleName>
      <Classes />
    </Module>
    <Module skippedDueTo="MissingPdb" hash="9E-A9-5D-7F-86-82-4D-02-7D-07-AD-C0-17-06-5D-73-8F-1F-28-44">
      <ModulePath>C:\Users\hugh\.nuget\packages\xunit.runner.console\2.3.0-beta3-build3705\tools\net452\xunit.abstractions.dll</ModulePath>
      <ModuleTime>2017-06-08T06:58:50Z</ModuleTime>
      <ModuleName>xunit.abstractions</ModuleName>
      <Classes />
    </Module>
    <Module skippedDueTo="Filter" hash="D0-60-0C-D0-DA-1B-FE-75-35-FA-19-18-0B-33-D0-3F-23-E1-2D-EE">
      <ModulePath>C:\WINDOWS\Microsoft.Net\assembly\GAC_MSIL\System.Core\v4.0_4.0.0.0__b77a5c561934e089\System.Core.dll</ModulePath>
      <ModuleTime>2017-06-08T08:17:31.2698335Z</ModuleTime>
      <ModuleName>System.Core</ModuleName>
      <Classes />
    </Module>
    <Module skippedDueTo="MissingPdb" hash="A2-03-70-0C-65-BB-C6-A2-F3-08-6B-37-D0-0A-3F-D3-95-54-A6-F2">
      <ModulePath>C:\Users\hugh\.nuget\packages\xunit.runner.console\2.3.0-beta3-build3705\tools\net452\xunit.runner.reporters.net452.dll</ModulePath>
      <ModuleTime>2017-06-08T06:58:50Z</ModuleTime>
      <ModuleName>xunit.runner.reporters.net452</ModuleName>
      <Classes />
    </Module>
    <Module skippedDueTo="Filter" hash="6A-B0-08-80-0B-A5-95-C7-FA-79-33-2C-55-FC-56-DE-B2-D4-6F-B8">
      <ModulePath>C:\WINDOWS\Microsoft.Net\assembly\GAC_MSIL\System.Net.Http\v4.0_4.0.0.0__b03f5f7f11d50a3a\System.Net.Http.dll</ModulePath>
      <ModuleTime>2017-03-18T20:59:43.9625256Z</ModuleTime>
      <ModuleName>System.Net.Http</ModuleName>
      <Classes />
    </Module>
    <Module skippedDueTo="Filter" hash="79-2F-E4-81-15-23-A9-72-6E-4B-61-08-E7-03-D3-3D-F2-DA-F6-11">
      <ModulePath>C:\WINDOWS\Microsoft.Net\assembly\GAC_MSIL\System\v4.0_4.0.0.0__b77a5c561934e089\System.dll</ModulePath>
      <ModuleTime>2017-06-08T08:17:31.2698335Z</ModuleTime>
      <ModuleName>System</ModuleName>
      <Classes />
    </Module>
    <Module skippedDueTo="Filter" hash="23-BC-31-F6-43-B2-A8-0E-53-0D-F9-0B-70-B7-5D-8F-D4-C6-52-05">
      <ModulePath>C:\WINDOWS\Microsoft.Net\assembly\GAC_64\System.Web\v4.0_4.0.0.0__b03f5f7f11d50a3a\System.Web.dll</ModulePath>
      <ModuleTime>2017-03-18T20:59:47.9159862Z</ModuleTime>
      <ModuleName>System.Web</ModuleName>
      <Classes />
    </Module>
    <Module skippedDueTo="Filter" hash="0C-91-60-C5-26-07-2E-2E-54-A1-8A-32-86-67-C5-B4-A5-93-05-F9">
      <ModulePath>C:\WINDOWS\Microsoft.Net\assembly\GAC_MSIL\System.Configuration\v4.0_4.0.0.0__b03f5f7f11d50a3a\System.Configuration.dll</ModulePath>
      <ModuleTime>2017-03-18T20:59:43.7281312Z</ModuleTime>
      <ModuleName>System.Configuration</ModuleName>
      <Classes />
    </Module>
    <Module skippedDueTo="Filter" hash="BC-3D-7B-FA-41-15-98-9E-BD-CB-6E-11-CC-4E-F2-49-2D-A6-58-72">
      <ModulePath>C:\WINDOWS\Microsoft.Net\assembly\GAC_MSIL\System.Xml\v4.0_4.0.0.0__b77a5c561934e089\System.Xml.dll</ModulePath>
      <ModuleTime>2017-03-18T20:59:43.8218895Z</ModuleTime>
      <ModuleName>System.Xml</ModuleName>
      <Classes />
    </Module>
    <Module skippedDueTo="Filter" hash="B2-28-6B-70-63-9D-E4-57-87-05-C1-81-C5-79-94-3B-83-FA-E0-DD">
      <ModulePath>C:\WINDOWS\Microsoft.Net\assembly\GAC_MSIL\System.Xml.Linq\v4.0_4.0.0.0__b77a5c561934e089\System.Xml.Linq.dll</ModulePath>
      <ModuleTime>2017-03-18T20:59:45.7283009Z</ModuleTime>
      <ModuleName>System.Xml.Linq</ModuleName>
      <Classes />
    </Module>
    <Module skippedDueTo="MissingPdb" hash="05-26-DA-30-4C-F1-F8-80-00-1B-CF-9B-D8-4F-41-E9-B7-6B-14-43">
      <ModulePath>C:\Users\hugh\AppData\Local\Temp\968fedb0-5bb0-4788-951b-2f099096d4cd\968fedb0-5bb0-4788-951b-2f099096d4cd\assembly\dl3\68b392f9\00f19aae_24e0d201\xunit.runner.utility.net452.dll</ModulePath>
      <ModuleTime>2017-07-12T09:07:06.9423113Z</ModuleTime>
      <ModuleName>xunit.runner.utility.net452</ModuleName>
      <Classes />
    </Module>
    <Module skippedDueTo="Filter" hash="D0-60-0C-D0-DA-1B-FE-75-35-FA-19-18-0B-33-D0-3F-23-E1-2D-EE">
      <ModulePath>C:\WINDOWS\Microsoft.Net\assembly\GAC_MSIL\System.Core\v4.0_4.0.0.0__b77a5c561934e089\System.Core.dll</ModulePath>
      <ModuleTime>2017-06-08T08:17:31.2698335Z</ModuleTime>
      <ModuleName>System.Core</ModuleName>
      <Classes />
    </Module>
    <Module skippedDueTo="Filter" hash="79-2F-E4-81-15-23-A9-72-6E-4B-61-08-E7-03-D3-3D-F2-DA-F6-11">
      <ModulePath>C:\WINDOWS\Microsoft.Net\assembly\GAC_MSIL\System\v4.0_4.0.0.0__b77a5c561934e089\System.dll</ModulePath>
      <ModuleTime>2017-06-08T08:17:31.2698335Z</ModuleTime>
      <ModuleName>System</ModuleName>
      <Classes />
    </Module>
    <Module skippedDueTo="MissingPdb" hash="">
      <ModulePath>RefEmit_InMemoryManifestModule</ModulePath>
      <ModuleTime>0001-01-01T00:00:00</ModuleTime>
      <ModuleName>Anonymously Hosted DynamicMethods Assembly</ModuleName>
      <Classes />
    </Module>
    <Module skippedDueTo="Filter" hash="1C-44-A6-05-4B-7E-56-1A-15-5A-0C-18-C7-CC-5B-A4-56-05-CD-05">
      <ModulePath>C:\Users\hugh\Documents\GitHub\excel-mapper\src\ExcelMapper.Tests\bin\Debug\net46\ExcelMapper.Tests.exe</ModulePath>
      <ModuleTime>2017-07-12T09:07:02.5551145Z</ModuleTime>
      <ModuleName>ExcelMapper.Tests</ModuleName>
      <Classes />
    </Module>
    <Module hash="94-9E-F4-30-8D-5F-83-32-CE-69-7D-D3-67-4E-39-DE-57-D6-46-52">
      <Summary numSequencePoints="926" visitedSequencePoints="926" numBranchPoints="395" visitedBranchPoints="395" sequenceCoverage="100" branchCoverage="100" maxCyclomaticComplexity="15" minCyclomaticComplexity="1" visitedClasses="50" numClasses="50" visitedMethods="201" numMethods="201" />
      <ModulePath>C:\Users\hugh\Documents\GitHub\excel-mapper\src\ExcelMapper.Tests\bin\Debug\net46\ExcelMapper.dll</ModulePath>
      <ModuleTime>2017-07-12T09:07:01.1542454Z</ModuleTime>
      <ModuleName>ExcelMapper</ModuleName>
      <Files>
        <File uid="1" fullPath="C:\Users\hugh\Documents\GitHub\excel-mapper\src\ExcelMapper\EnumerablePropertyMapping.cs" />
        <File uid="2" fullPath="C:\Users\hugh\Documents\GitHub\excel-mapper\src\ExcelMapper\EnumerablePropertyMappingT.cs" />
        <File uid="3" fullPath="C:\Users\hugh\Documents\GitHub\excel-mapper\src\ExcelMapper\ExcelClassMap.cs" />
        <File uid="4" fullPath="C:\Users\hugh\Documents\GitHub\excel-mapper\src\ExcelMapper\ExcelClassMapT.cs" />
        <File uid="5" fullPath="C:\Users\hugh\Documents\GitHub\excel-mapper\src\ExcelMapper\ExcelHeading.cs" />
        <File uid="7" fullPath="C:\Users\hugh\Documents\GitHub\excel-mapper\src\ExcelMapper\ExcelImporter.cs" />
        <File uid="9" fullPath="C:\Users\hugh\Documents\GitHub\excel-mapper\src\ExcelMapper\ExcelImporterConfiguration.cs" />
        <File uid="10" fullPath="C:\Users\hugh\Documents\GitHub\excel-mapper\src\ExcelMapper\ExcelMappingException.cs" />
        <File uid="11" fullPath="C:\Users\hugh\Documents\GitHub\excel-mapper\src\ExcelMapper\ExcelSheet.cs" />
        <File uid="13" fullPath="C:\Users\hugh\Documents\GitHub\excel-mapper\src\ExcelMapper\PropertyMapping.cs" />
        <File uid="16" fullPath="C:\Users\hugh\Documents\GitHub\excel-mapper\src\ExcelMapper\SinglePropertyMapping.cs" />
        <File uid="17" fullPath="C:\Users\hugh\Documents\GitHub\excel-mapper\src\ExcelMapper\SinglePropertyMappingExtensions.cs" />
        <File uid="20" fullPath="C:\Users\hugh\Documents\GitHub\excel-mapper\src\ExcelMapper\SinglePropertyMappingT.cs" />
        <File uid="21" fullPath="C:\Users\hugh\Documents\GitHub\excel-mapper\src\ExcelMapper\Utilities\QuoteJoinStrings.cs" />
        <File uid="23" fullPath="C:\Users\hugh\Documents\GitHub\excel-mapper\src\ExcelMapper\Utilities\ReflectionUtilities.cs" />
        <File uid="25" fullPath="C:\Users\hugh\Documents\GitHub\excel-mapper\src\ExcelMapper\Mappings\AutoMapper.cs" />
        <File uid="27" fullPath="C:\Users\hugh\Documents\GitHub\excel-mapper\src\ExcelMapper\Mappings\ColumnIndicesPropertyMapper.cs" />
        <File uid="29" fullPath="C:\Users\hugh\Documents\GitHub\excel-mapper\src\ExcelMapper\Mappings\ColumnPropertyMapper.cs" />
        <File uid="30" fullPath="C:\Users\hugh\Documents\GitHub\excel-mapper\src\ExcelMapper\Mappings\ColumnsNamesPropertyMapper.cs" />
        <File uid="32" fullPath="C:\Users\hugh\Documents\GitHub\excel-mapper\src\ExcelMapper\Mappings\IndexPropertyMapper.cs" />
        <File uid="33" fullPath="C:\Users\hugh\Documents\GitHub\excel-mapper\src\ExcelMapper\Mappings\MapResult.cs" />
        <File uid="34" fullPath="C:\Users\hugh\Documents\GitHub\excel-mapper\src\ExcelMapper\Mappings\OptionalPropertyMapper.cs" />
        <File uid="35" fullPath="C:\Users\hugh\Documents\GitHub\excel-mapper\src\ExcelMapper\Mappings\PropertyMappingResult.cs" />
        <File uid="36" fullPath="C:\Users\hugh\Documents\GitHub\excel-mapper\src\ExcelMapper\Mappings\SplitPropertyMapper.cs" />
        <File uid="38" fullPath="C:\Users\hugh\Documents\GitHub\excel-mapper\src\ExcelMapper\Mappings\Transformers\TrimStringTransformer.cs" />
        <File uid="39" fullPath="C:\Users\hugh\Documents\GitHub\excel-mapper\src\ExcelMapper\Mappings\MultiItems\ArrayMapping.cs" />
        <File uid="40" fullPath="C:\Users\hugh\Documents\GitHub\excel-mapper\src\ExcelMapper\Mappings\MultiItems\ConcreteICollectionMapping.cs" />
        <File uid="41" fullPath="C:\Users\hugh\Documents\GitHub\excel-mapper\src\ExcelMapper\Mappings\MultiItems\InterfaceAssignableFromListMapping.cs" />
        <File uid="42" fullPath="C:\Users\hugh\Documents\GitHub\excel-mapper\src\ExcelMapper\Mappings\Items\ChangeTypeMappingItem.cs" />
        <File uid="43" fullPath="C:\Users\hugh\Documents\GitHub\excel-mapper\src\ExcelMapper\Mappings\Items\ConvertUsingMappingItem.cs" />
        <File uid="44" fullPath="C:\Users\hugh\Documents\GitHub\excel-mapper\src\ExcelMapper\Mappings\Items\MapStringValueMappingItem.cs" />
        <File uid="45" fullPath="C:\Users\hugh\Documents\GitHub\excel-mapper\src\ExcelMapper\Mappings\Items\ParseAsBoolPipelineItem.cs" />
        <File uid="46" fullPath="C:\Users\hugh\Documents\GitHub\excel-mapper\src\ExcelMapper\Mappings\Items\ParseAsDateTimeMappingItem.cs" />
        <File uid="47" fullPath="C:\Users\hugh\Documents\GitHub\excel-mapper\src\ExcelMapper\Mappings\Items\ParseAsEnumMappingItem.cs" />
        <File uid="48" fullPath="C:\Users\hugh\Documents\GitHub\excel-mapper\src\ExcelMapper\Mappings\Items\ParseAsStringMappingItem.cs" />
        <File uid="49" fullPath="C:\Users\hugh\Documents\GitHub\excel-mapper\src\ExcelMapper\Mappings\Fallbacks\FixedValueFallback.cs" />
        <File uid="50" fullPath="C:\Users\hugh\Documents\GitHub\excel-mapper\src\ExcelMapper\Mappings\Fallbacks\ThrowFallback.cs" />
      </Files>
      <Classes>
        <Class>
          <Summary numSequencePoints="0" visitedSequencePoints="0" numBranchPoints="0" visitedBranchPoints="0" sequenceCoverage="0" branchCoverage="0" maxCyclomaticComplexity="0" minCyclomaticComplexity="0" visitedClasses="0" numClasses="0" visitedMethods="0" numMethods="0" />
          <FullName>&lt;Module&gt;</FullName>
          <Methods />
        </Class>
        <Class>
          <Summary numSequencePoints="3" visitedSequencePoints="3" numBranchPoints="1" visitedBranchPoints="1" sequenceCoverage="100" branchCoverage="100" maxCyclomaticComplexity="1" minCyclomaticComplexity="1" visitedClasses="1" numClasses="1" visitedMethods="1" numMethods="1" />
          <FullName>ExcelMapper.EnumerablePropertyMapping</FullName>
          <Methods>
            <Method visited="true" cyclomaticComplexity="1" nPathComplexity="0" sequenceCoverage="100" branchCoverage="100" isConstructor="true" isStatic="false" isGetter="false" isSetter="false">
              <Summary numSequencePoints="3" visitedSequencePoints="3" numBranchPoints="1" visitedBranchPoints="1" sequenceCoverage="100" branchCoverage="100" maxCyclomaticComplexity="1" minCyclomaticComplexity="1" visitedClasses="0" numClasses="0" visitedMethods="1" numMethods="1" />
              <MetadataToken>100663297</MetadataToken>
              <Name>System.Void ExcelMapper.EnumerablePropertyMapping::.ctor(System.Reflection.MemberInfo)</Name>
              <FileRef uid="1" />
              <SequencePoints>
                <SequencePoint vc="55" uspid="1" ordinal="0" offset="0" sl="7" sc="63" el="7" ec="75" bec="0" bev="0" fileid="1" />
                <SequencePoint vc="55" uspid="2" ordinal="1" offset="8" sl="8" sc="9" el="8" ec="10" bec="0" bev="0" fileid="1" />
                <SequencePoint vc="55" uspid="3" ordinal="2" offset="9" sl="9" sc="9" el="9" ec="10" bec="0" bev="0" fileid="1" />
              </SequencePoints>
              <BranchPoints />
              <MethodPoint xsi:type="SequencePoint" vc="55" uspid="1" ordinal="0" offset="0" sl="7" sc="63" el="7" ec="75" bec="0" bev="0" fileid="1" />
            </Method>
          </Methods>
        </Class>
        <Class>
          <Summary numSequencePoints="75" visitedSequencePoints="75" numBranchPoints="31" visitedBranchPoints="31" sequenceCoverage="100" branchCoverage="100" maxCyclomaticComplexity="3" minCyclomaticComplexity="1" visitedClasses="1" numClasses="1" visitedMethods="15" numMethods="15" />
          <FullName>ExcelMapper.EnumerablePropertyMapping`1</FullName>
          <Methods>
            <Method visited="true" cyclomaticComplexity="1" nPathComplexity="0" sequenceCoverage="100" branchCoverage="100" isConstructor="false" isStatic="false" isGetter="true" isSetter="false">
              <Summary numSequencePoints="1" visitedSequencePoints="1" numBranchPoints="1" visitedBranchPoints="1" sequenceCoverage="100" branchCoverage="100" maxCyclomaticComplexity="1" minCyclomaticComplexity="1" visitedClasses="0" numClasses="0" visitedMethods="1" numMethods="1" />
              <MetadataToken>100663298</MetadataToken>
              <Name>ExcelMapper.SinglePropertyMapping`1&lt;T&gt; ExcelMapper.EnumerablePropertyMapping`1::get_ElementMapping()</Name>
              <FileRef uid="2" />
              <SequencePoints>
                <SequencePoint vc="136" uspid="4" ordinal="0" offset="0" sl="12" sc="58" el="12" ec="62" bec="0" bev="0" fileid="2" />
              </SequencePoints>
              <BranchPoints />
              <MethodPoint xsi:type="SequencePoint" vc="136" uspid="4" ordinal="0" offset="0" sl="12" sc="58" el="12" ec="62" bec="0" bev="0" fileid="2" />
            </Method>
            <Method visited="true" cyclomaticComplexity="1" nPathComplexity="0" sequenceCoverage="100" branchCoverage="100" isConstructor="false" isStatic="false" isGetter="false" isSetter="true">
              <Summary numSequencePoints="1" visitedSequencePoints="1" numBranchPoints="1" visitedBranchPoints="1" sequenceCoverage="100" branchCoverage="100" maxCyclomaticComplexity="1" minCyclomaticComplexity="1" visitedClasses="0" numClasses="0" visitedMethods="1" numMethods="1" />
              <MetadataToken>100663299</MetadataToken>
              <Name>System.Void ExcelMapper.EnumerablePropertyMapping`1::set_ElementMapping(ExcelMapper.SinglePropertyMapping`1&lt;T&gt;)</Name>
              <FileRef uid="2" />
              <SequencePoints>
                <SequencePoint vc="61" uspid="5" ordinal="0" offset="0" sl="12" sc="63" el="12" ec="75" bec="0" bev="0" fileid="2" />
              </SequencePoints>
              <BranchPoints />
              <MethodPoint xsi:type="SequencePoint" vc="61" uspid="5" ordinal="0" offset="0" sl="12" sc="63" el="12" ec="75" bec="0" bev="0" fileid="2" />
            </Method>
            <Method visited="true" cyclomaticComplexity="1" nPathComplexity="0" sequenceCoverage="100" branchCoverage="100" isConstructor="false" isStatic="false" isGetter="true" isSetter="false">
              <Summary numSequencePoints="1" visitedSequencePoints="1" numBranchPoints="1" visitedBranchPoints="1" sequenceCoverage="100" branchCoverage="100" maxCyclomaticComplexity="1" minCyclomaticComplexity="1" visitedClasses="0" numClasses="0" visitedMethods="1" numMethods="1" />
              <MetadataToken>100663300</MetadataToken>
              <Name>ExcelMapper.Mappings.IMultiPropertyMapper ExcelMapper.EnumerablePropertyMapping`1::get_Mapper()</Name>
              <FileRef uid="2" />
              <SequencePoints>
                <SequencePoint vc="98" uspid="6" ordinal="0" offset="0" sl="14" sc="46" el="14" ec="50" bec="0" bev="0" fileid="2" />
              </SequencePoints>
              <BranchPoints />
              <MethodPoint xsi:type="SequencePoint" vc="98" uspid="6" ordinal="0" offset="0" sl="14" sc="46" el="14" ec="50" bec="0" bev="0" fileid="2" />
            </Method>
            <Method visited="true" cyclomaticComplexity="1" nPathComplexity="0" sequenceCoverage="100" branchCoverage="100" isConstructor="false" isStatic="false" isGetter="false" isSetter="true">
              <Summary numSequencePoints="1" visitedSequencePoints="1" numBranchPoints="1" visitedBranchPoints="1" sequenceCoverage="100" branchCoverage="100" maxCyclomaticComplexity="1" minCyclomaticComplexity="1" visitedClasses="0" numClasses="0" visitedMethods="1" numMethods="1" />
              <MetadataToken>100663301</MetadataToken>
              <Name>System.Void ExcelMapper.EnumerablePropertyMapping`1::set_Mapper(ExcelMapper.Mappings.IMultiPropertyMapper)</Name>
              <FileRef uid="2" />
              <SequencePoints>
                <SequencePoint vc="91" uspid="7" ordinal="0" offset="0" sl="14" sc="51" el="14" ec="64" bec="0" bev="0" fileid="2" />
              </SequencePoints>
              <BranchPoints />
              <MethodPoint xsi:type="SequencePoint" vc="91" uspid="7" ordinal="0" offset="0" sl="14" sc="51" el="14" ec="64" bec="0" bev="0" fileid="2" />
            </Method>
            <Method visited="true" cyclomaticComplexity="1" nPathComplexity="0" sequenceCoverage="100" branchCoverage="100" isConstructor="true" isStatic="false" isGetter="false" isSetter="false">
              <Summary numSequencePoints="6" visitedSequencePoints="6" numBranchPoints="1" visitedBranchPoints="1" sequenceCoverage="100" branchCoverage="100" maxCyclomaticComplexity="1" minCyclomaticComplexity="1" visitedClasses="0" numClasses="0" visitedMethods="1" numMethods="1" />
              <MetadataToken>100663302</MetadataToken>
              <Name>System.Void ExcelMapper.EnumerablePropertyMapping`1::.ctor(System.Reflection.MemberInfo,ExcelMapper.EmptyValueStrategy)</Name>
              <FileRef uid="2" />
              <SequencePoints>
                <SequencePoint vc="55" uspid="8" ordinal="0" offset="0" sl="16" sc="102" el="16" ec="114" bec="0" bev="0" fileid="2" />
                <SequencePoint vc="55" uspid="9" ordinal="1" offset="8" sl="17" sc="9" el="17" ec="10" bec="0" bev="0" fileid="2" />
                <SequencePoint vc="55" uspid="10" ordinal="2" offset="9" sl="18" sc="13" el="18" ec="87" bec="0" bev="0" fileid="2" />
                <SequencePoint vc="53" uspid="11" ordinal="3" offset="23" sl="20" sc="13" el="20" ec="70" bec="0" bev="0" fileid="2" />
                <SequencePoint vc="53" uspid="12" ordinal="4" offset="35" sl="21" sc="13" el="21" ec="60" bec="0" bev="0" fileid="2" />
                <SequencePoint vc="53" uspid="13" ordinal="5" offset="48" sl="22" sc="9" el="22" ec="10" bec="0" bev="0" fileid="2" />
              </SequencePoints>
              <BranchPoints />
              <MethodPoint xsi:type="SequencePoint" vc="55" uspid="8" ordinal="0" offset="0" sl="16" sc="102" el="16" ec="114" bec="0" bev="0" fileid="2" />
            </Method>
            <Method visited="true" cyclomaticComplexity="3" nPathComplexity="2" sequenceCoverage="100" branchCoverage="100" isConstructor="false" isStatic="false" isGetter="false" isSetter="false">
              <Summary numSequencePoints="7" visitedSequencePoints="7" numBranchPoints="3" visitedBranchPoints="3" sequenceCoverage="100" branchCoverage="100" maxCyclomaticComplexity="3" minCyclomaticComplexity="3" visitedClasses="0" numClasses="0" visitedMethods="1" numMethods="1" />
              <MetadataToken>100663303</MetadataToken>
              <Name>ExcelMapper.EnumerablePropertyMapping`1&lt;T&gt; ExcelMapper.EnumerablePropertyMapping`1::WithElementMapping(System.Func`2&lt;ExcelMapper.SinglePropertyMapping`1&lt;T&gt;,ExcelMapper.SinglePropertyMapping`1&lt;T&gt;&gt;)</Name>
              <FileRef uid="2" />
              <SequencePoints>
                <SequencePoint vc="10" uspid="14" ordinal="0" offset="0" sl="25" sc="9" el="25" ec="10" bec="0" bev="0" fileid="2" />
                <SequencePoint vc="10" uspid="15" ordinal="1" offset="1" sl="26" sc="13" el="26" ec="40" bec="2" bev="2" fileid="2" />
                <SequencePoint vc="1" uspid="16" ordinal="2" offset="9" sl="27" sc="13" el="27" ec="14" bec="0" bev="0" fileid="2" />
                <SequencePoint vc="1" uspid="17" ordinal="3" offset="10" sl="28" sc="17" el="28" ec="73" bec="0" bev="0" fileid="2" />
                <SequencePoint vc="9" uspid="18" ordinal="4" offset="21" sl="31" sc="13" el="31" ec="120" bec="0" bev="0" fileid="2" />
                <SequencePoint vc="8" uspid="19" ordinal="5" offset="55" sl="32" sc="13" el="32" ec="25" bec="0" bev="0" fileid="2" />
                <SequencePoint vc="8" uspid="20" ordinal="6" offset="59" sl="33" sc="9" el="33" ec="10" bec="0" bev="0" fileid="2" />
              </SequencePoints>
              <BranchPoints>
                <BranchPoint vc="1" uspid="21" ordinal="0" offset="7" sl="26" path="0" offsetend="9" fileid="2" />
                <BranchPoint vc="9" uspid="22" ordinal="1" offset="7" sl="26" path="1" offsetend="21" fileid="2" />
              </BranchPoints>
              <MethodPoint xsi:type="SequencePoint" vc="10" uspid="14" ordinal="0" offset="0" sl="25" sc="9" el="25" ec="10" bec="0" bev="0" fileid="2" />
            </Method>
            <Method visited="true" cyclomaticComplexity="2" nPathComplexity="2" sequenceCoverage="100" branchCoverage="100" isConstructor="false" isStatic="false" isGetter="false" isSetter="false">
              <Summary numSequencePoints="12" visitedSequencePoints="12" numBranchPoints="3" visitedBranchPoints="3" sequenceCoverage="100" branchCoverage="100" maxCyclomaticComplexity="2" minCyclomaticComplexity="2" visitedClasses="0" numClasses="0" visitedMethods="1" numMethods="1" />
              <MetadataToken>100663304</MetadataToken>
              <Name>System.Object ExcelMapper.EnumerablePropertyMapping`1::GetPropertyValue(ExcelMapper.ExcelSheet,System.Int32,ExcelDataReader.IExcelDataReader)</Name>
              <FileRef uid="2" />
              <SequencePoints>
                <SequencePoint vc="54" uspid="25" ordinal="0" offset="0" sl="36" sc="9" el="36" ec="10" bec="0" bev="0" fileid="2" />
                <SequencePoint vc="54" uspid="26" ordinal="1" offset="1" sl="37" sc="13" el="37" ec="86" bec="0" bev="0" fileid="2" />
                <SequencePoint vc="54" uspid="27" ordinal="2" offset="21" sl="38" sc="13" el="38" ec="55" bec="0" bev="0" fileid="2" />
                <SequencePoint vc="54" uspid="28" ordinal="3" offset="30" sl="40" sc="18" el="40" ec="27" bec="0" bev="0" fileid="2" />
                <SequencePoint vc="123" uspid="29" ordinal="4" offset="34" sl="41" sc="13" el="41" ec="14" bec="0" bev="0" fileid="2" />
                <SequencePoint vc="123" uspid="30" ordinal="5" offset="35" sl="42" sc="17" el="42" ec="98" bec="0" bev="0" fileid="2" />
                <SequencePoint vc="123" uspid="31" ordinal="6" offset="62" sl="43" sc="17" el="43" ec="37" bec="0" bev="0" fileid="2" />
                <SequencePoint vc="123" uspid="32" ordinal="7" offset="70" sl="44" sc="13" el="44" ec="14" bec="0" bev="0" fileid="2" />
                <SequencePoint vc="123" uspid="33" ordinal="8" offset="71" sl="40" sc="48" el="40" ec="51" bec="0" bev="0" fileid="2" />
                <SequencePoint vc="177" uspid="34" ordinal="9" offset="75" sl="40" sc="29" el="40" ec="46" bec="2" bev="2" fileid="2" />
                <SequencePoint vc="54" uspid="35" ordinal="10" offset="87" sl="46" sc="13" el="46" ec="49" bec="0" bev="0" fileid="2" />
                <SequencePoint vc="54" uspid="36" ordinal="11" offset="98" sl="47" sc="9" el="47" ec="10" bec="0" bev="0" fileid="2" />
              </SequencePoints>
              <BranchPoints>
                <BranchPoint vc="54" uspid="37" ordinal="0" offset="85" sl="40" path="0" offsetend="87" fileid="2" />
                <BranchPoint vc="123" uspid="38" ordinal="1" offset="85" sl="40" path="1" offsetend="34" fileid="2" />
              </BranchPoints>
              <MethodPoint xsi:type="SequencePoint" vc="54" uspid="25" ordinal="0" offset="0" sl="36" sc="9" el="36" ec="10" bec="0" bev="0" fileid="2" />
            </Method>
            <Method visited="true" cyclomaticComplexity="2" nPathComplexity="2" sequenceCoverage="100" branchCoverage="100" isConstructor="false" isStatic="false" isGetter="false" isSetter="false">
              <Summary numSequencePoints="11" visitedSequencePoints="11" numBranchPoints="3" visitedBranchPoints="3" sequenceCoverage="100" branchCoverage="100" maxCyclomaticComplexity="2" minCyclomaticComplexity="2" visitedClasses="0" numClasses="0" visitedMethods="1" numMethods="1" />
              <MetadataToken>100663306</MetadataToken>
              <Name>ExcelMapper.EnumerablePropertyMapping`1&lt;T&gt; ExcelMapper.EnumerablePropertyMapping`1::WithColumnName(System.String)</Name>
              <FileRef uid="2" />
              <SequencePoints>
                <SequencePoint vc="7" uspid="39" ordinal="0" offset="0" sl="52" sc="9" el="52" ec="10" bec="0" bev="0" fileid="2" />
                <SequencePoint vc="7" uspid="40" ordinal="1" offset="1" sl="53" sc="13" el="53" ec="63" bec="0" bev="0" fileid="2" />
                <SequencePoint vc="5" uspid="41" ordinal="2" offset="8" sl="54" sc="13" el="54" ec="67" bec="2" bev="2" fileid="2" />
                <SequencePoint vc="2" uspid="42" ordinal="3" offset="28" sl="55" sc="13" el="55" ec="14" bec="0" bev="0" fileid="2" />
                <SequencePoint vc="2" uspid="43" ordinal="4" offset="29" sl="56" sc="17" el="56" ec="53" bec="0" bev="0" fileid="2" />
                <SequencePoint vc="2" uspid="44" ordinal="5" offset="37" sl="57" sc="13" el="57" ec="14" bec="0" bev="0" fileid="2" />
                <SequencePoint vc="3" uspid="45" ordinal="6" offset="40" sl="59" sc="13" el="59" ec="14" bec="0" bev="0" fileid="2" />
                <SequencePoint vc="3" uspid="46" ordinal="7" offset="41" sl="60" sc="17" el="60" ec="58" bec="0" bev="0" fileid="2" />
                <SequencePoint vc="3" uspid="47" ordinal="8" offset="54" sl="61" sc="13" el="61" ec="14" bec="0" bev="0" fileid="2" />
                <SequencePoint vc="5" uspid="48" ordinal="9" offset="55" sl="63" sc="13" el="63" ec="25" bec="0" bev="0" fileid="2" />
                <SequencePoint vc="5" uspid="49" ordinal="10" offset="59" sl="64" sc="9" el="64" ec="10" bec="0" bev="0" fileid="2" />
              </SequencePoints>
              <BranchPoints>
                <BranchPoint vc="2" uspid="50" ordinal="0" offset="26" sl="54" path="0" offsetend="28" fileid="2" />
                <BranchPoint vc="3" uspid="51" ordinal="1" offset="26" sl="54" path="1" offsetend="40" fileid="2" />
              </BranchPoints>
              <MethodPoint xsi:type="SequencePoint" vc="7" uspid="39" ordinal="0" offset="0" sl="52" sc="9" el="52" ec="10" bec="0" bev="0" fileid="2" />
            </Method>
            <Method visited="true" cyclomaticComplexity="2" nPathComplexity="2" sequenceCoverage="100" branchCoverage="100" isConstructor="false" isStatic="false" isGetter="false" isSetter="false">
              <Summary numSequencePoints="11" visitedSequencePoints="11" numBranchPoints="3" visitedBranchPoints="3" sequenceCoverage="100" branchCoverage="100" maxCyclomaticComplexity="2" minCyclomaticComplexity="2" visitedClasses="0" numClasses="0" visitedMethods="1" numMethods="1" />
              <MetadataToken>100663307</MetadataToken>
              <Name>ExcelMapper.EnumerablePropertyMapping`1&lt;T&gt; ExcelMapper.EnumerablePropertyMapping`1::WithIndex(System.Int32)</Name>
              <FileRef uid="2" />
              <SequencePoints>
                <SequencePoint vc="8" uspid="52" ordinal="0" offset="0" sl="67" sc="9" el="67" ec="10" bec="0" bev="0" fileid="2" />
                <SequencePoint vc="8" uspid="53" ordinal="1" offset="1" sl="68" sc="13" el="68" ec="57" bec="0" bev="0" fileid="2" />
                <SequencePoint vc="7" uspid="54" ordinal="2" offset="8" sl="69" sc="13" el="69" ec="67" bec="2" bev="2" fileid="2" />
                <SequencePoint vc="3" uspid="55" ordinal="3" offset="28" sl="70" sc="13" el="70" ec="14" bec="0" bev="0" fileid="2" />
                <SequencePoint vc="3" uspid="56" ordinal="4" offset="29" sl="71" sc="17" el="71" ec="53" bec="0" bev="0" fileid="2" />
                <SequencePoint vc="3" uspid="57" ordinal="5" offset="37" sl="72" sc="13" el="72" ec="14" bec="0" bev="0" fileid="2" />
                <SequencePoint vc="4" uspid="58" ordinal="6" offset="40" sl="74" sc="13" el="74" ec="14" bec="0" bev="0" fileid="2" />
                <SequencePoint vc="4" uspid="59" ordinal="7" offset="41" sl="75" sc="17" el="75" ec="58" bec="0" bev="0" fileid="2" />
                <SequencePoint vc="4" uspid="60" ordinal="8" offset="54" sl="76" sc="13" el="76" ec="14" bec="0" bev="0" fileid="2" />
                <SequencePoint vc="7" uspid="61" ordinal="9" offset="55" sl="78" sc="13" el="78" ec="25" bec="0" bev="0" fileid="2" />
                <SequencePoint vc="7" uspid="62" ordinal="10" offset="59" sl="79" sc="9" el="79" ec="10" bec="0" bev="0" fileid="2" />
              </SequencePoints>
              <BranchPoints>
                <BranchPoint vc="3" uspid="63" ordinal="0" offset="26" sl="69" path="0" offsetend="28" fileid="2" />
                <BranchPoint vc="4" uspid="64" ordinal="1" offset="26" sl="69" path="1" offsetend="40" fileid="2" />
              </BranchPoints>
              <MethodPoint xsi:type="SequencePoint" vc="8" uspid="52" ordinal="0" offset="0" sl="67" sc="9" el="67" ec="10" bec="0" bev="0" fileid="2" />
            </Method>
            <Method visited="true" cyclomaticComplexity="2" nPathComplexity="2" sequenceCoverage="100" branchCoverage="100" isConstructor="false" isStatic="false" isGetter="false" isSetter="false">
              <Summary numSequencePoints="7" visitedSequencePoints="7" numBranchPoints="3" visitedBranchPoints="3" sequenceCoverage="100" branchCoverage="100" maxCyclomaticComplexity="2" minCyclomaticComplexity="2" visitedClasses="0" numClasses="0" visitedMethods="1" numMethods="1" />
              <MetadataToken>100663308</MetadataToken>
              <Name>ExcelMapper.EnumerablePropertyMapping`1&lt;T&gt; ExcelMapper.EnumerablePropertyMapping`1::WithSeparators(System.Char[])</Name>
              <FileRef uid="2" />
              <SequencePoints>
                <SequencePoint vc="16" uspid="65" ordinal="0" offset="0" sl="82" sc="9" el="82" ec="10" bec="0" bev="0" fileid="2" />
                <SequencePoint vc="16" uspid="66" ordinal="1" offset="1" sl="83" sc="13" el="83" ec="70" bec="2" bev="2" fileid="2" />
                <SequencePoint vc="2" uspid="67" ordinal="2" offset="21" sl="84" sc="13" el="84" ec="14" bec="0" bev="0" fileid="2" />
                <SequencePoint vc="2" uspid="68" ordinal="3" offset="22" sl="85" sc="17" el="85" ec="113" bec="0" bev="0" fileid="2" />
                <SequencePoint vc="14" uspid="69" ordinal="4" offset="33" sl="88" sc="13" el="88" ec="57" bec="0" bev="0" fileid="2" />
                <SequencePoint vc="10" uspid="70" ordinal="5" offset="41" sl="89" sc="13" el="89" ec="25" bec="0" bev="0" fileid="2" />
                <SequencePoint vc="10" uspid="71" ordinal="6" offset="45" sl="90" sc="9" el="90" ec="10" bec="0" bev="0" fileid="2" />
              </SequencePoints>
              <BranchPoints>
                <BranchPoint vc="2" uspid="72" ordinal="0" offset="19" sl="83" path="0" offsetend="21" fileid="2" />
                <BranchPoint vc="14" uspid="73" ordinal="1" offset="19" sl="83" path="1" offsetend="33" fileid="2" />
              </BranchPoints>
              <MethodPoint xsi:type="SequencePoint" vc="16" uspid="65" ordinal="0" offset="0" sl="82" sc="9" el="82" ec="10" bec="0" bev="0" fileid="2" />
            </Method>
            <Method visited="true" cyclomaticComplexity="3" nPathComplexity="2" sequenceCoverage="100" branchCoverage="100" isConstructor="false" isStatic="false" isGetter="false" isSetter="false">
              <Summary numSequencePoints="3" visitedSequencePoints="3" numBranchPoints="3" visitedBranchPoints="3" sequenceCoverage="100" branchCoverage="100" maxCyclomaticComplexity="3" minCyclomaticComplexity="3" visitedClasses="0" numClasses="0" visitedMethods="1" numMethods="1" />
              <MetadataToken>100663309</MetadataToken>
              <Name>ExcelMapper.EnumerablePropertyMapping`1&lt;T&gt; ExcelMapper.EnumerablePropertyMapping`1::WithSeparators(System.Collections.Generic.IEnumerable`1&lt;System.Char&gt;)</Name>
              <FileRef uid="2" />
              <SequencePoints>
                <SequencePoint vc="6" uspid="74" ordinal="0" offset="0" sl="93" sc="9" el="93" ec="10" bec="0" bev="0" fileid="2" />
                <SequencePoint vc="6" uspid="75" ordinal="1" offset="1" sl="94" sc="13" el="94" ec="58" bec="2" bev="2" fileid="2" />
                <SequencePoint vc="3" uspid="76" ordinal="2" offset="22" sl="95" sc="9" el="95" ec="10" bec="0" bev="0" fileid="2" />
              </SequencePoints>
              <BranchPoints>
                <BranchPoint vc="1" uspid="77" ordinal="0" offset="3" sl="94" path="0" offsetend="5" fileid="2" />
                <BranchPoint vc="5" uspid="78" ordinal="1" offset="3" sl="94" path="1" offsetend="8" fileid="2" />
              </BranchPoints>
              <MethodPoint xsi:type="SequencePoint" vc="6" uspid="74" ordinal="0" offset="0" sl="93" sc="9" el="93" ec="10" bec="0" bev="0" fileid="2" />
            </Method>
            <Method visited="true" cyclomaticComplexity="1" nPathComplexity="0" sequenceCoverage="100" branchCoverage="100" isConstructor="false" isStatic="false" isGetter="false" isSetter="false">
              <Summary numSequencePoints="4" visitedSequencePoints="4" numBranchPoints="1" visitedBranchPoints="1" sequenceCoverage="100" branchCoverage="100" maxCyclomaticComplexity="1" minCyclomaticComplexity="1" visitedClasses="0" numClasses="0" visitedMethods="1" numMethods="1" />
              <MetadataToken>100663310</MetadataToken>
              <Name>ExcelMapper.EnumerablePropertyMapping`1&lt;T&gt; ExcelMapper.EnumerablePropertyMapping`1::WithColumnNames(System.String[])</Name>
              <FileRef uid="2" />
              <SequencePoints>
                <SequencePoint vc="31" uspid="79" ordinal="0" offset="0" sl="98" sc="9" el="98" ec="10" bec="0" bev="0" fileid="2" />
                <SequencePoint vc="31" uspid="80" ordinal="1" offset="1" sl="99" sc="13" el="99" ec="66" bec="0" bev="0" fileid="2" />
                <SequencePoint vc="25" uspid="81" ordinal="2" offset="14" sl="100" sc="13" el="100" ec="25" bec="0" bev="0" fileid="2" />
                <SequencePoint vc="25" uspid="82" ordinal="3" offset="18" sl="101" sc="9" el="101" ec="10" bec="0" bev="0" fileid="2" />
              </SequencePoints>
              <BranchPoints />
              <MethodPoint xsi:type="SequencePoint" vc="31" uspid="79" ordinal="0" offset="0" sl="98" sc="9" el="98" ec="10" bec="0" bev="0" fileid="2" />
            </Method>
            <Method visited="true" cyclomaticComplexity="3" nPathComplexity="2" sequenceCoverage="100" branchCoverage="100" isConstructor="false" isStatic="false" isGetter="false" isSetter="false">
              <Summary numSequencePoints="3" visitedSequencePoints="3" numBranchPoints="3" visitedBranchPoints="3" sequenceCoverage="100" branchCoverage="100" maxCyclomaticComplexity="3" minCyclomaticComplexity="3" visitedClasses="0" numClasses="0" visitedMethods="1" numMethods="1" />
              <MetadataToken>100663311</MetadataToken>
              <Name>ExcelMapper.EnumerablePropertyMapping`1&lt;T&gt; ExcelMapper.EnumerablePropertyMapping`1::WithColumnNames(System.Collections.Generic.IEnumerable`1&lt;System.String&gt;)</Name>
              <FileRef uid="2" />
              <SequencePoints>
                <SequencePoint vc="5" uspid="83" ordinal="0" offset="0" sl="104" sc="9" el="104" ec="10" bec="0" bev="0" fileid="2" />
                <SequencePoint vc="5" uspid="84" ordinal="1" offset="1" sl="105" sc="13" el="105" ec="60" bec="2" bev="2" fileid="2" />
                <SequencePoint vc="2" uspid="85" ordinal="2" offset="22" sl="106" sc="9" el="106" ec="10" bec="0" bev="0" fileid="2" />
              </SequencePoints>
              <BranchPoints>
                <BranchPoint vc="1" uspid="86" ordinal="0" offset="3" sl="105" path="0" offsetend="5" fileid="2" />
                <BranchPoint vc="4" uspid="87" ordinal="1" offset="3" sl="105" path="1" offsetend="8" fileid="2" />
              </BranchPoints>
              <MethodPoint xsi:type="SequencePoint" vc="5" uspid="83" ordinal="0" offset="0" sl="104" sc="9" el="104" ec="10" bec="0" bev="0" fileid="2" />
            </Method>
            <Method visited="true" cyclomaticComplexity="1" nPathComplexity="0" sequenceCoverage="100" branchCoverage="100" isConstructor="false" isStatic="false" isGetter="false" isSetter="false">
              <Summary numSequencePoints="4" visitedSequencePoints="4" numBranchPoints="1" visitedBranchPoints="1" sequenceCoverage="100" branchCoverage="100" maxCyclomaticComplexity="1" minCyclomaticComplexity="1" visitedClasses="0" numClasses="0" visitedMethods="1" numMethods="1" />
              <MetadataToken>100663312</MetadataToken>
              <Name>ExcelMapper.EnumerablePropertyMapping`1&lt;T&gt; ExcelMapper.EnumerablePropertyMapping`1::WithIndices(System.Int32[])</Name>
              <FileRef uid="2" />
              <SequencePoints>
                <SequencePoint vc="12" uspid="88" ordinal="0" offset="0" sl="109" sc="9" el="109" ec="10" bec="0" bev="0" fileid="2" />
                <SequencePoint vc="12" uspid="89" ordinal="1" offset="1" sl="110" sc="13" el="110" ec="63" bec="0" bev="0" fileid="2" />
                <SequencePoint vc="6" uspid="90" ordinal="2" offset="14" sl="111" sc="13" el="111" ec="25" bec="0" bev="0" fileid="2" />
                <SequencePoint vc="6" uspid="91" ordinal="3" offset="18" sl="112" sc="9" el="112" ec="10" bec="0" bev="0" fileid="2" />
              </SequencePoints>
              <BranchPoints />
              <MethodPoint xsi:type="SequencePoint" vc="12" uspid="88" ordinal="0" offset="0" sl="109" sc="9" el="109" ec="10" bec="0" bev="0" fileid="2" />
            </Method>
            <Method visited="true" cyclomaticComplexity="3" nPathComplexity="2" sequenceCoverage="100" branchCoverage="100" isConstructor="false" isStatic="false" isGetter="false" isSetter="false">
              <Summary numSequencePoints="3" visitedSequencePoints="3" numBranchPoints="3" visitedBranchPoints="3" sequenceCoverage="100" branchCoverage="100" maxCyclomaticComplexity="3" minCyclomaticComplexity="3" visitedClasses="0" numClasses="0" visitedMethods="1" numMethods="1" />
              <MetadataToken>100663313</MetadataToken>
              <Name>ExcelMapper.EnumerablePropertyMapping`1&lt;T&gt; ExcelMapper.EnumerablePropertyMapping`1::WithIndices(System.Collections.Generic.IEnumerable`1&lt;System.Int32&gt;)</Name>
              <FileRef uid="2" />
              <SequencePoints>
                <SequencePoint vc="5" uspid="92" ordinal="0" offset="0" sl="115" sc="9" el="115" ec="10" bec="0" bev="0" fileid="2" />
                <SequencePoint vc="5" uspid="93" ordinal="1" offset="1" sl="116" sc="13" el="116" ec="52" bec="2" bev="2" fileid="2" />
                <SequencePoint vc="2" uspid="94" ordinal="2" offset="22" sl="117" sc="9" el="117" ec="10" bec="0" bev="0" fileid="2" />
              </SequencePoints>
              <BranchPoints>
                <BranchPoint vc="1" uspid="95" ordinal="0" offset="3" sl="116" path="0" offsetend="5" fileid="2" />
                <BranchPoint vc="4" uspid="96" ordinal="1" offset="3" sl="116" path="1" offsetend="8" fileid="2" />
              </BranchPoints>
              <MethodPoint xsi:type="SequencePoint" vc="5" uspid="92" ordinal="0" offset="0" sl="115" sc="9" el="115" ec="10" bec="0" bev="0" fileid="2" />
            </Method>
          </Methods>
        </Class>
        <Class>
          <Summary numSequencePoints="26" visitedSequencePoints="26" numBranchPoints="8" visitedBranchPoints="8" sequenceCoverage="100" branchCoverage="100" maxCyclomaticComplexity="2" minCyclomaticComplexity="1" visitedClasses="1" numClasses="1" visitedMethods="6" numMethods="6" />
          <FullName>ExcelMapper.ExcelClassMap</FullName>
          <Methods>
            <Method visited="true" cyclomaticComplexity="1" nPathComplexity="0" sequenceCoverage="100" branchCoverage="100" isConstructor="false" isStatic="false" isGetter="true" isSetter="false">
              <Summary numSequencePoints="1" visitedSequencePoints="1" numBranchPoints="1" visitedBranchPoints="1" sequenceCoverage="100" branchCoverage="100" maxCyclomaticComplexity="1" minCyclomaticComplexity="1" visitedClasses="0" numClasses="0" visitedMethods="1" numMethods="1" />
              <MetadataToken>100663314</MetadataToken>
              <Name>System.Type ExcelMapper.ExcelClassMap::get_Type()</Name>
              <FileRef uid="3" />
              <SequencePoints>
                <SequencePoint vc="86" uspid="97" ordinal="0" offset="0" sl="10" sc="28" el="10" ec="32" bec="0" bev="0" fileid="3" />
              </SequencePoints>
              <BranchPoints />
              <MethodPoint xsi:type="SequencePoint" vc="86" uspid="97" ordinal="0" offset="0" sl="10" sc="28" el="10" ec="32" bec="0" bev="0" fileid="3" />
            </Method>
            <Method visited="true" cyclomaticComplexity="1" nPathComplexity="0" sequenceCoverage="100" branchCoverage="100" isConstructor="false" isStatic="false" isGetter="true" isSetter="false">
              <Summary numSequencePoints="1" visitedSequencePoints="1" numBranchPoints="1" visitedBranchPoints="1" sequenceCoverage="100" branchCoverage="100" maxCyclomaticComplexity="1" minCyclomaticComplexity="1" visitedClasses="0" numClasses="0" visitedMethods="1" numMethods="1" />
              <MetadataToken>100663315</MetadataToken>
              <Name>System.Collections.Generic.List`1&lt;ExcelMapper.PropertyMapping&gt; ExcelMapper.ExcelClassMap::get_Mappings()</Name>
              <FileRef uid="3" />
              <SequencePoints>
                <SequencePoint vc="135" uspid="98" ordinal="0" offset="0" sl="12" sc="50" el="12" ec="54" bec="0" bev="0" fileid="3" />
              </SequencePoints>
              <BranchPoints />
              <MethodPoint xsi:type="SequencePoint" vc="135" uspid="98" ordinal="0" offset="0" sl="12" sc="50" el="12" ec="54" bec="0" bev="0" fileid="3" />
            </Method>
            <Method visited="true" cyclomaticComplexity="1" nPathComplexity="0" sequenceCoverage="100" branchCoverage="100" isConstructor="true" isStatic="false" isGetter="false" isSetter="false">
              <Summary numSequencePoints="3" visitedSequencePoints="3" numBranchPoints="1" visitedBranchPoints="1" sequenceCoverage="100" branchCoverage="100" maxCyclomaticComplexity="1" minCyclomaticComplexity="1" visitedClasses="0" numClasses="0" visitedMethods="1" numMethods="1" />
              <MetadataToken>100663316</MetadataToken>
              <Name>System.Void ExcelMapper.ExcelClassMap::.ctor(System.Type)</Name>
              <FileRef uid="3" />
              <SequencePoints>
                <SequencePoint vc="70" uspid="99" ordinal="0" offset="0" sl="12" sc="59" el="12" ec="86" bec="0" bev="0" fileid="3" />
                <SequencePoint vc="70" uspid="100" ordinal="1" offset="11" sl="14" sc="9" el="14" ec="42" bec="0" bev="0" fileid="3" />
                <SequencePoint vc="70" uspid="101" ordinal="2" offset="18" sl="14" sc="46" el="14" ec="57" bec="0" bev="0" fileid="3" />
              </SequencePoints>
              <BranchPoints />
              <MethodPoint xsi:type="SequencePoint" vc="70" uspid="99" ordinal="0" offset="0" sl="12" sc="59" el="12" ec="86" bec="0" bev="0" fileid="3" />
            </Method>
            <Method visited="true" cyclomaticComplexity="1" nPathComplexity="0" sequenceCoverage="100" branchCoverage="100" isConstructor="false" isStatic="false" isGetter="false" isSetter="false">
              <Summary numSequencePoints="3" visitedSequencePoints="3" numBranchPoints="1" visitedBranchPoints="1" sequenceCoverage="100" branchCoverage="100" maxCyclomaticComplexity="1" minCyclomaticComplexity="1" visitedClasses="0" numClasses="0" visitedMethods="1" numMethods="1" />
              <MetadataToken>100663317</MetadataToken>
              <Name>System.Void ExcelMapper.ExcelClassMap::AddMapping(ExcelMapper.PropertyMapping)</Name>
              <FileRef uid="3" />
              <SequencePoints>
                <SequencePoint vc="109" uspid="102" ordinal="0" offset="0" sl="17" sc="9" el="17" ec="10" bec="0" bev="0" fileid="3" />
                <SequencePoint vc="109" uspid="103" ordinal="1" offset="1" sl="18" sc="13" el="18" ec="35" bec="0" bev="0" fileid="3" />
                <SequencePoint vc="109" uspid="104" ordinal="2" offset="14" sl="19" sc="9" el="19" ec="10" bec="0" bev="0" fileid="3" />
              </SequencePoints>
              <BranchPoints />
              <MethodPoint xsi:type="SequencePoint" vc="109" uspid="102" ordinal="0" offset="0" sl="17" sc="9" el="17" ec="10" bec="0" bev="0" fileid="3" />
            </Method>
            <Method visited="true" cyclomaticComplexity="2" nPathComplexity="0" sequenceCoverage="100" branchCoverage="100" isConstructor="false" isStatic="false" isGetter="false" isSetter="false">
              <Summary numSequencePoints="12" visitedSequencePoints="12" numBranchPoints="1" visitedBranchPoints="1" sequenceCoverage="100" branchCoverage="100" maxCyclomaticComplexity="2" minCyclomaticComplexity="2" visitedClasses="0" numClasses="0" visitedMethods="1" numMethods="1" />
              <MetadataToken>100663318</MetadataToken>
              <Name>System.Object ExcelMapper.ExcelClassMap::Execute(ExcelMapper.ExcelSheet,System.Int32,ExcelDataReader.IExcelDataReader)</Name>
              <FileRef uid="3" />
              <SequencePoints>
                <SequencePoint vc="26" uspid="105" ordinal="0" offset="0" sl="22" sc="9" el="22" ec="10" bec="0" bev="0" fileid="3" />
                <SequencePoint vc="26" uspid="106" ordinal="1" offset="1" sl="23" sc="13" el="23" ec="62" bec="0" bev="0" fileid="3" />
                <SequencePoint vc="26" uspid="107" ordinal="2" offset="13" sl="25" sc="13" el="25" ec="20" bec="0" bev="0" fileid="3" />
                <SequencePoint vc="26" uspid="108" ordinal="3" offset="14" sl="25" sc="50" el="25" ec="58" bec="0" bev="0" fileid="3" />
                <SequencePoint vc="201" uspid="109" ordinal="4" offset="28" sl="25" sc="22" el="25" ec="46" bec="0" bev="0" fileid="3" />
                <SequencePoint vc="201" uspid="110" ordinal="5" offset="36" sl="26" sc="13" el="26" ec="14" bec="0" bev="0" fileid="3" />
                <SequencePoint vc="201" uspid="111" ordinal="6" offset="37" sl="27" sc="17" el="27" ec="91" bec="0" bev="0" fileid="3" />
                <SequencePoint vc="201" uspid="112" ordinal="7" offset="47" sl="28" sc="17" el="28" ec="70" bec="0" bev="0" fileid="3" />
                <SequencePoint vc="201" uspid="113" ordinal="8" offset="61" sl="29" sc="13" el="29" ec="14" bec="0" bev="0" fileid="3" />
                <SequencePoint vc="227" uspid="114" ordinal="9" offset="62" sl="25" sc="47" el="25" ec="49" bec="0" bev="0" fileid="3" />
                <SequencePoint vc="26" uspid="115" ordinal="10" offset="88" sl="31" sc="13" el="31" ec="29" bec="0" bev="0" fileid="3" />
                <SequencePoint vc="26" uspid="116" ordinal="11" offset="93" sl="32" sc="9" el="32" ec="10" bec="0" bev="0" fileid="3" />
              </SequencePoints>
              <BranchPoints />
              <MethodPoint xsi:type="SequencePoint" vc="26" uspid="105" ordinal="0" offset="0" sl="22" sc="9" el="22" ec="10" bec="0" bev="0" fileid="3" />
            </Method>
            <Method visited="true" cyclomaticComplexity="2" nPathComplexity="2" sequenceCoverage="100" branchCoverage="100" isConstructor="false" isStatic="true" isGetter="false" isSetter="false">
              <Summary numSequencePoints="6" visitedSequencePoints="6" numBranchPoints="3" visitedBranchPoints="3" sequenceCoverage="100" branchCoverage="100" maxCyclomaticComplexity="2" minCyclomaticComplexity="2" visitedClasses="0" numClasses="0" visitedMethods="1" numMethods="1" />
              <MetadataToken>100663319</MetadataToken>
              <Name>System.Linq.Expressions.MemberExpression ExcelMapper.ExcelClassMap::ValidateExpression(System.Linq.Expressions.Expression`1&lt;System.Func`2&lt;T,TProperty&gt;&gt;)</Name>
              <FileRef uid="3" />
              <SequencePoints>
                <SequencePoint vc="113" uspid="119" ordinal="0" offset="0" sl="35" sc="9" el="35" ec="10" bec="0" bev="0" fileid="3" />
                <SequencePoint vc="113" uspid="120" ordinal="1" offset="1" sl="36" sc="13" el="36" ec="73" bec="2" bev="2" fileid="3" />
                <SequencePoint vc="1" uspid="121" ordinal="2" offset="21" sl="37" sc="13" el="37" ec="14" bec="0" bev="0" fileid="3" />
                <SequencePoint vc="1" uspid="122" ordinal="3" offset="22" sl="38" sc="17" el="38" ec="93" bec="0" bev="0" fileid="3" />
                <SequencePoint vc="112" uspid="123" ordinal="4" offset="38" sl="41" sc="13" el="41" ec="37" bec="0" bev="0" fileid="3" />
                <SequencePoint vc="112" uspid="124" ordinal="5" offset="42" sl="42" sc="9" el="42" ec="10" bec="0" bev="0" fileid="3" />
              </SequencePoints>
              <BranchPoints>
                <BranchPoint vc="1" uspid="125" ordinal="0" offset="19" sl="36" path="0" offsetend="21" fileid="3" />
                <BranchPoint vc="112" uspid="126" ordinal="1" offset="19" sl="36" path="1" offsetend="38" fileid="3" />
              </BranchPoints>
              <MethodPoint xsi:type="SequencePoint" vc="113" uspid="119" ordinal="0" offset="0" sl="35" sc="9" el="35" ec="10" bec="0" bev="0" fileid="3" />
            </Method>
          </Methods>
        </Class>
        <Class>
          <Summary numSequencePoints="59" visitedSequencePoints="59" numBranchPoints="19" visitedBranchPoints="19" sequenceCoverage="100" branchCoverage="100" maxCyclomaticComplexity="4" minCyclomaticComplexity="1" visitedClasses="1" numClasses="1" visitedMethods="11" numMethods="11" />
          <FullName>ExcelMapper.ExcelClassMap`1</FullName>
          <Methods>
            <Method visited="true" cyclomaticComplexity="1" nPathComplexity="0" sequenceCoverage="100" branchCoverage="100" isConstructor="false" isStatic="false" isGetter="true" isSetter="false">
              <Summary numSequencePoints="1" visitedSequencePoints="1" numBranchPoints="1" visitedBranchPoints="1" sequenceCoverage="100" branchCoverage="100" maxCyclomaticComplexity="1" minCyclomaticComplexity="1" visitedClasses="0" numClasses="0" visitedMethods="1" numMethods="1" />
              <MetadataToken>100663320</MetadataToken>
              <Name>ExcelMapper.EmptyValueStrategy ExcelMapper.ExcelClassMap`1::get_EmptyValueStrategy()</Name>
              <FileRef uid="4" />
              <SequencePoints>
                <SequencePoint vc="112" uspid="127" ordinal="0" offset="0" sl="12" sc="56" el="12" ec="60" bec="0" bev="0" fileid="4" />
              </SequencePoints>
              <BranchPoints />
              <MethodPoint xsi:type="SequencePoint" vc="112" uspid="127" ordinal="0" offset="0" sl="12" sc="56" el="12" ec="60" bec="0" bev="0" fileid="4" />
            </Method>
            <Method visited="true" cyclomaticComplexity="1" nPathComplexity="0" sequenceCoverage="100" branchCoverage="100" isConstructor="true" isStatic="false" isGetter="false" isSetter="false">
              <Summary numSequencePoints="3" visitedSequencePoints="3" numBranchPoints="1" visitedBranchPoints="1" sequenceCoverage="100" branchCoverage="100" maxCyclomaticComplexity="1" minCyclomaticComplexity="1" visitedClasses="0" numClasses="0" visitedMethods="1" numMethods="1" />
              <MetadataToken>100663321</MetadataToken>
              <Name>System.Void ExcelMapper.ExcelClassMap`1::.ctor()</Name>
              <FileRef uid="4" />
              <SequencePoints>
                <SequencePoint vc="70" uspid="128" ordinal="0" offset="0" sl="14" sc="34" el="14" ec="49" bec="0" bev="0" fileid="4" />
                <SequencePoint vc="70" uspid="129" ordinal="1" offset="17" sl="14" sc="50" el="14" ec="51" bec="0" bev="0" fileid="4" />
                <SequencePoint vc="70" uspid="130" ordinal="2" offset="18" sl="14" sc="52" el="14" ec="53" bec="0" bev="0" fileid="4" />
              </SequencePoints>
              <BranchPoints />
              <MethodPoint xsi:type="SequencePoint" vc="70" uspid="128" ordinal="0" offset="0" sl="14" sc="34" el="14" ec="49" bec="0" bev="0" fileid="4" />
            </Method>
            <Method visited="true" cyclomaticComplexity="2" nPathComplexity="2" sequenceCoverage="100" branchCoverage="100" isConstructor="true" isStatic="false" isGetter="false" isSetter="false">
              <Summary numSequencePoints="7" visitedSequencePoints="7" numBranchPoints="3" visitedBranchPoints="3" sequenceCoverage="100" branchCoverage="100" maxCyclomaticComplexity="2" minCyclomaticComplexity="2" visitedClasses="0" numClasses="0" visitedMethods="1" numMethods="1" />
              <MetadataToken>100663322</MetadataToken>
              <Name>System.Void ExcelMapper.ExcelClassMap`1::.ctor(ExcelMapper.EmptyValueStrategy)</Name>
              <FileRef uid="4" />
              <SequencePoints>
                <SequencePoint vc="6" uspid="131" ordinal="0" offset="0" sl="16" sc="71" el="16" ec="77" bec="0" bev="0" fileid="4" />
                <SequencePoint vc="6" uspid="132" ordinal="1" offset="7" sl="17" sc="9" el="17" ec="10" bec="0" bev="0" fileid="4" />
                <SequencePoint vc="6" uspid="133" ordinal="2" offset="8" sl="18" sc="13" el="18" ec="81" bec="2" bev="2" fileid="4" />
                <SequencePoint vc="2" uspid="134" ordinal="3" offset="36" sl="19" sc="13" el="19" ec="14" bec="0" bev="0" fileid="4" />
                <SequencePoint vc="2" uspid="135" ordinal="4" offset="37" sl="20" sc="17" el="20" ec="117" bec="0" bev="0" fileid="4" />
                <SequencePoint vc="4" uspid="136" ordinal="5" offset="64" sl="23" sc="13" el="23" ec="53" bec="0" bev="0" fileid="4" />
                <SequencePoint vc="4" uspid="137" ordinal="6" offset="71" sl="24" sc="9" el="24" ec="10" bec="0" bev="0" fileid="4" />
              </SequencePoints>
              <BranchPoints>
                <BranchPoint vc="2" uspid="138" ordinal="0" offset="34" sl="18" path="0" offsetend="36" fileid="4" />
                <BranchPoint vc="4" uspid="139" ordinal="1" offset="34" sl="18" path="1" offsetend="64" fileid="4" />
              </BranchPoints>
              <MethodPoint xsi:type="SequencePoint" vc="6" uspid="131" ordinal="0" offset="0" sl="16" sc="71" el="16" ec="77" bec="0" bev="0" fileid="4" />
            </Method>
            <Method visited="true" cyclomaticComplexity="1" nPathComplexity="0" sequenceCoverage="100" branchCoverage="100" isConstructor="false" isStatic="false" isGetter="false" isSetter="false">
              <Summary numSequencePoints="7" visitedSequencePoints="7" numBranchPoints="1" visitedBranchPoints="1" sequenceCoverage="100" branchCoverage="100" maxCyclomaticComplexity="1" minCyclomaticComplexity="1" visitedClasses="0" numClasses="0" visitedMethods="1" numMethods="1" />
              <MetadataToken>100663323</MetadataToken>
              <Name>ExcelMapper.SinglePropertyMapping`1&lt;TProperty&gt; ExcelMapper.ExcelClassMap`1::Map(System.Linq.Expressions.Expression`1&lt;System.Func`2&lt;T,TProperty&gt;&gt;)</Name>
              <FileRef uid="4" />
              <SequencePoints>
                <SequencePoint vc="90" uspid="140" ordinal="0" offset="0" sl="27" sc="9" el="27" ec="10" bec="0" bev="0" fileid="4" />
                <SequencePoint vc="90" uspid="141" ordinal="1" offset="1" sl="28" sc="13" el="28" ec="80" bec="0" bev="0" fileid="4" />
                <SequencePoint vc="90" uspid="142" ordinal="2" offset="8" sl="29" sc="13" el="29" ec="57" bec="0" bev="0" fileid="4" />
                <SequencePoint vc="90" uspid="143" ordinal="3" offset="15" sl="31" sc="13" el="31" ec="92" bec="0" bev="0" fileid="4" />
                <SequencePoint vc="89" uspid="144" ordinal="4" offset="28" sl="32" sc="13" el="32" ec="33" bec="0" bev="0" fileid="4" />
                <SequencePoint vc="89" uspid="145" ordinal="5" offset="36" sl="33" sc="13" el="33" ec="28" bec="0" bev="0" fileid="4" />
                <SequencePoint vc="89" uspid="146" ordinal="6" offset="40" sl="34" sc="9" el="34" ec="10" bec="0" bev="0" fileid="4" />
              </SequencePoints>
              <BranchPoints />
              <MethodPoint xsi:type="SequencePoint" vc="90" uspid="140" ordinal="0" offset="0" sl="27" sc="9" el="27" ec="10" bec="0" bev="0" fileid="4" />
            </Method>
            <Method visited="true" cyclomaticComplexity="1" nPathComplexity="0" sequenceCoverage="100" branchCoverage="100" isConstructor="false" isStatic="false" isGetter="false" isSetter="false">
              <Summary numSequencePoints="4" visitedSequencePoints="4" numBranchPoints="1" visitedBranchPoints="1" sequenceCoverage="100" branchCoverage="100" maxCyclomaticComplexity="1" minCyclomaticComplexity="1" visitedClasses="0" numClasses="0" visitedMethods="1" numMethods="1" />
              <MetadataToken>100663324</MetadataToken>
              <Name>ExcelMapper.EnumerablePropertyMapping`1&lt;TProperty&gt; ExcelMapper.ExcelClassMap`1::Map(System.Linq.Expressions.Expression`1&lt;System.Func`2&lt;T,System.Collections.Generic.IEnumerable`1&lt;TProperty&gt;&gt;&gt;)</Name>
              <FileRef uid="4" />
              <SequencePoints>
                <SequencePoint vc="2" uspid="147" ordinal="0" offset="0" sl="37" sc="9" el="37" ec="10" bec="0" bev="0" fileid="4" />
                <SequencePoint vc="2" uspid="148" ordinal="1" offset="1" sl="38" sc="13" el="38" ec="80" bec="0" bev="0" fileid="4" />
                <SequencePoint vc="2" uspid="149" ordinal="2" offset="8" sl="40" sc="13" el="40" ec="58" bec="0" bev="0" fileid="4" />
                <SequencePoint vc="1" uspid="150" ordinal="3" offset="18" sl="41" sc="9" el="41" ec="10" bec="0" bev="0" fileid="4" />
              </SequencePoints>
              <BranchPoints />
              <MethodPoint xsi:type="SequencePoint" vc="2" uspid="147" ordinal="0" offset="0" sl="37" sc="9" el="37" ec="10" bec="0" bev="0" fileid="4" />
            </Method>
            <Method visited="true" cyclomaticComplexity="1" nPathComplexity="0" sequenceCoverage="100" branchCoverage="100" isConstructor="false" isStatic="false" isGetter="false" isSetter="false">
              <Summary numSequencePoints="4" visitedSequencePoints="4" numBranchPoints="1" visitedBranchPoints="1" sequenceCoverage="100" branchCoverage="100" maxCyclomaticComplexity="1" minCyclomaticComplexity="1" visitedClasses="0" numClasses="0" visitedMethods="1" numMethods="1" />
              <MetadataToken>100663325</MetadataToken>
              <Name>ExcelMapper.EnumerablePropertyMapping`1&lt;TProperty&gt; ExcelMapper.ExcelClassMap`1::Map(System.Linq.Expressions.Expression`1&lt;System.Func`2&lt;T,System.Collections.Generic.ICollection`1&lt;TProperty&gt;&gt;&gt;)</Name>
              <FileRef uid="4" />
              <SequencePoints>
                <SequencePoint vc="2" uspid="151" ordinal="0" offset="0" sl="44" sc="9" el="44" ec="10" bec="0" bev="0" fileid="4" />
                <SequencePoint vc="2" uspid="152" ordinal="1" offset="1" sl="45" sc="13" el="45" ec="80" bec="0" bev="0" fileid="4" />
                <SequencePoint vc="2" uspid="153" ordinal="2" offset="8" sl="47" sc="13" el="47" ec="58" bec="0" bev="0" fileid="4" />
                <SequencePoint vc="2" uspid="154" ordinal="3" offset="18" sl="48" sc="9" el="48" ec="10" bec="0" bev="0" fileid="4" />
              </SequencePoints>
              <BranchPoints />
              <MethodPoint xsi:type="SequencePoint" vc="2" uspid="151" ordinal="0" offset="0" sl="44" sc="9" el="44" ec="10" bec="0" bev="0" fileid="4" />
            </Method>
            <Method visited="true" cyclomaticComplexity="1" nPathComplexity="0" sequenceCoverage="100" branchCoverage="100" isConstructor="false" isStatic="false" isGetter="false" isSetter="false">
              <Summary numSequencePoints="4" visitedSequencePoints="4" numBranchPoints="1" visitedBranchPoints="1" sequenceCoverage="100" branchCoverage="100" maxCyclomaticComplexity="1" minCyclomaticComplexity="1" visitedClasses="0" numClasses="0" visitedMethods="1" numMethods="1" />
              <MetadataToken>100663326</MetadataToken>
              <Name>ExcelMapper.EnumerablePropertyMapping`1&lt;TProperty&gt; ExcelMapper.ExcelClassMap`1::Map(System.Linq.Expressions.Expression`1&lt;System.Func`2&lt;T,System.Collections.Generic.IList`1&lt;TProperty&gt;&gt;&gt;)</Name>
              <FileRef uid="4" />
              <SequencePoints>
                <SequencePoint vc="2" uspid="155" ordinal="0" offset="0" sl="51" sc="9" el="51" ec="10" bec="0" bev="0" fileid="4" />
                <SequencePoint vc="2" uspid="156" ordinal="1" offset="1" sl="52" sc="13" el="52" ec="80" bec="0" bev="0" fileid="4" />
                <SequencePoint vc="2" uspid="157" ordinal="2" offset="8" sl="54" sc="13" el="54" ec="58" bec="0" bev="0" fileid="4" />
                <SequencePoint vc="1" uspid="158" ordinal="3" offset="18" sl="55" sc="9" el="55" ec="10" bec="0" bev="0" fileid="4" />
              </SequencePoints>
              <BranchPoints />
              <MethodPoint xsi:type="SequencePoint" vc="2" uspid="155" ordinal="0" offset="0" sl="51" sc="9" el="51" ec="10" bec="0" bev="0" fileid="4" />
            </Method>
            <Method visited="true" cyclomaticComplexity="1" nPathComplexity="0" sequenceCoverage="100" branchCoverage="100" isConstructor="false" isStatic="false" isGetter="false" isSetter="false">
              <Summary numSequencePoints="4" visitedSequencePoints="4" numBranchPoints="1" visitedBranchPoints="1" sequenceCoverage="100" branchCoverage="100" maxCyclomaticComplexity="1" minCyclomaticComplexity="1" visitedClasses="0" numClasses="0" visitedMethods="1" numMethods="1" />
              <MetadataToken>100663327</MetadataToken>
              <Name>ExcelMapper.EnumerablePropertyMapping`1&lt;TProperty&gt; ExcelMapper.ExcelClassMap`1::Map(System.Linq.Expressions.Expression`1&lt;System.Func`2&lt;T,System.Collections.Generic.List`1&lt;TProperty&gt;&gt;&gt;)</Name>
              <FileRef uid="4" />
              <SequencePoints>
                <SequencePoint vc="2" uspid="159" ordinal="0" offset="0" sl="58" sc="9" el="58" ec="10" bec="0" bev="0" fileid="4" />
                <SequencePoint vc="2" uspid="160" ordinal="1" offset="1" sl="59" sc="13" el="59" ec="80" bec="0" bev="0" fileid="4" />
                <SequencePoint vc="1" uspid="161" ordinal="2" offset="8" sl="61" sc="13" el="61" ec="58" bec="0" bev="0" fileid="4" />
                <SequencePoint vc="1" uspid="162" ordinal="3" offset="18" sl="62" sc="9" el="62" ec="10" bec="0" bev="0" fileid="4" />
              </SequencePoints>
              <BranchPoints />
              <MethodPoint xsi:type="SequencePoint" vc="2" uspid="159" ordinal="0" offset="0" sl="58" sc="9" el="58" ec="10" bec="0" bev="0" fileid="4" />
            </Method>
            <Method visited="true" cyclomaticComplexity="1" nPathComplexity="0" sequenceCoverage="100" branchCoverage="100" isConstructor="false" isStatic="false" isGetter="false" isSetter="false">
              <Summary numSequencePoints="6" visitedSequencePoints="6" numBranchPoints="1" visitedBranchPoints="1" sequenceCoverage="100" branchCoverage="100" maxCyclomaticComplexity="1" minCyclomaticComplexity="1" visitedClasses="0" numClasses="0" visitedMethods="1" numMethods="1" />
              <MetadataToken>100663328</MetadataToken>
              <Name>ExcelMapper.EnumerablePropertyMapping`1&lt;TProperty&gt; ExcelMapper.ExcelClassMap`1::Map(System.Linq.Expressions.Expression`1&lt;System.Func`2&lt;T,TProperty[]&gt;&gt;)</Name>
              <FileRef uid="4" />
              <SequencePoints>
                <SequencePoint vc="15" uspid="163" ordinal="0" offset="0" sl="65" sc="9" el="65" ec="10" bec="0" bev="0" fileid="4" />
                <SequencePoint vc="15" uspid="164" ordinal="1" offset="1" sl="66" sc="13" el="66" ec="80" bec="0" bev="0" fileid="4" />
                <SequencePoint vc="15" uspid="165" ordinal="2" offset="8" sl="68" sc="13" el="68" ec="100" bec="0" bev="0" fileid="4" />
                <SequencePoint vc="15" uspid="166" ordinal="3" offset="26" sl="69" sc="13" el="69" ec="33" bec="0" bev="0" fileid="4" />
                <SequencePoint vc="15" uspid="167" ordinal="4" offset="34" sl="70" sc="13" el="70" ec="28" bec="0" bev="0" fileid="4" />
                <SequencePoint vc="15" uspid="168" ordinal="5" offset="38" sl="71" sc="9" el="71" ec="10" bec="0" bev="0" fileid="4" />
              </SequencePoints>
              <BranchPoints />
              <MethodPoint xsi:type="SequencePoint" vc="15" uspid="163" ordinal="0" offset="0" sl="65" sc="9" el="65" ec="10" bec="0" bev="0" fileid="4" />
            </Method>
            <Method visited="true" cyclomaticComplexity="1" nPathComplexity="0" sequenceCoverage="100" branchCoverage="100" isConstructor="false" isStatic="false" isGetter="false" isSetter="false">
              <Summary numSequencePoints="5" visitedSequencePoints="5" numBranchPoints="1" visitedBranchPoints="1" sequenceCoverage="100" branchCoverage="100" maxCyclomaticComplexity="1" minCyclomaticComplexity="1" visitedClasses="0" numClasses="0" visitedMethods="1" numMethods="1" />
              <MetadataToken>100663329</MetadataToken>
              <Name>ExcelMapper.EnumerablePropertyMapping`1&lt;TProperty&gt; ExcelMapper.ExcelClassMap`1::MultiMap(System.Linq.Expressions.MemberExpression)</Name>
              <FileRef uid="4" />
              <SequencePoints>
                <SequencePoint vc="7" uspid="169" ordinal="0" offset="0" sl="74" sc="9" el="74" ec="10" bec="0" bev="0" fileid="4" />
                <SequencePoint vc="7" uspid="170" ordinal="1" offset="1" sl="75" sc="13" el="75" ec="79" bec="0" bev="0" fileid="4" />
                <SequencePoint vc="5" uspid="171" ordinal="2" offset="14" sl="76" sc="13" el="76" ec="33" bec="0" bev="0" fileid="4" />
                <SequencePoint vc="5" uspid="172" ordinal="3" offset="22" sl="77" sc="13" el="77" ec="28" bec="0" bev="0" fileid="4" />
                <SequencePoint vc="5" uspid="173" ordinal="4" offset="26" sl="78" sc="9" el="78" ec="10" bec="0" bev="0" fileid="4" />
              </SequencePoints>
              <BranchPoints />
              <MethodPoint xsi:type="SequencePoint" vc="7" uspid="169" ordinal="0" offset="0" sl="74" sc="9" el="74" ec="10" bec="0" bev="0" fileid="4" />
            </Method>
            <Method visited="true" cyclomaticComplexity="4" nPathComplexity="8" sequenceCoverage="100" branchCoverage="100" isConstructor="false" isStatic="false" isGetter="false" isSetter="false">
              <Summary numSequencePoints="14" visitedSequencePoints="14" numBranchPoints="7" visitedBranchPoints="7" sequenceCoverage="100" branchCoverage="100" maxCyclomaticComplexity="4" minCyclomaticComplexity="4" visitedClasses="0" numClasses="0" visitedMethods="1" numMethods="1" />
              <MetadataToken>100663330</MetadataToken>
              <Name>ExcelMapper.EnumerablePropertyMapping`1&lt;TProperty&gt; ExcelMapper.ExcelClassMap`1::GetMultiMapping(System.Reflection.MemberInfo)</Name>
              <FileRef uid="4" />
              <SequencePoints>
                <SequencePoint vc="7" uspid="174" ordinal="0" offset="0" sl="81" sc="9" el="81" ec="10" bec="0" bev="0" fileid="4" />
                <SequencePoint vc="7" uspid="175" ordinal="1" offset="1" sl="82" sc="13" el="82" ec="45" bec="0" bev="0" fileid="4" />
                <SequencePoint vc="7" uspid="176" ordinal="2" offset="8" sl="83" sc="13" el="83" ec="52" bec="0" bev="0" fileid="4" />
                <SequencePoint vc="7" uspid="177" ordinal="3" offset="15" sl="85" sc="13" el="85" ec="38" bec="2" bev="2" fileid="4" />
                <SequencePoint vc="4" uspid="178" ordinal="4" offset="25" sl="86" sc="13" el="86" ec="14" bec="0" bev="0" fileid="4" />
                <SequencePoint vc="4" uspid="179" ordinal="5" offset="26" sl="87" sc="17" el="87" ec="86" bec="2" bev="2" fileid="4" />
                <SequencePoint vc="3" uspid="180" ordinal="6" offset="51" sl="88" sc="17" el="88" ec="18" bec="0" bev="0" fileid="4" />
                <SequencePoint vc="3" uspid="181" ordinal="7" offset="52" sl="89" sc="21" el="89" ec="106" bec="0" bev="0" fileid="4" />
                <SequencePoint vc="1" uspid="182" ordinal="8" offset="68" sl="91" sc="13" el="91" ec="14" bec="0" bev="0" fileid="4" />
                <SequencePoint vc="3" uspid="183" ordinal="9" offset="71" sl="92" sc="18" el="92" ec="79" bec="2" bev="2" fileid="4" />
                <SequencePoint vc="2" uspid="184" ordinal="10" offset="93" sl="93" sc="13" el="93" ec="14" bec="0" bev="0" fileid="4" />
                <SequencePoint vc="2" uspid="185" ordinal="11" offset="94" sl="94" sc="17" el="94" ec="100" bec="0" bev="0" fileid="4" />
                <SequencePoint vc="2" uspid="186" ordinal="12" offset="111" sl="97" sc="13" el="97" ec="171" bec="0" bev="0" fileid="4" />
                <SequencePoint vc="5" uspid="187" ordinal="13" offset="128" sl="98" sc="9" el="98" ec="10" bec="0" bev="0" fileid="4" />
              </SequencePoints>
              <BranchPoints>
                <BranchPoint vc="4" uspid="188" ordinal="0" offset="23" sl="85" path="0" offsetend="25" fileid="4" />
                <BranchPoint vc="3" uspid="189" ordinal="1" offset="23" sl="85" path="1" offsetend="71" fileid="4" />
                <BranchPoint vc="3" uspid="190" ordinal="2" offset="49" sl="87" path="0" offsetend="51" fileid="4" />
                <BranchPoint vc="1" uspid="191" ordinal="3" offset="49" sl="87" path="1" offsetend="68" fileid="4" />
                <BranchPoint vc="2" uspid="192" ordinal="4" offset="91" sl="92" path="0" offsetend="93" fileid="4" />
                <BranchPoint vc="1" uspid="193" ordinal="5" offset="91" sl="92" path="1" offsetend="111" fileid="4" />
              </BranchPoints>
              <MethodPoint xsi:type="SequencePoint" vc="7" uspid="174" ordinal="0" offset="0" sl="81" sc="9" el="81" ec="10" bec="0" bev="0" fileid="4" />
            </Method>
          </Methods>
        </Class>
        <Class>
          <Summary numSequencePoints="26" visitedSequencePoints="26" numBranchPoints="10" visitedBranchPoints="10" sequenceCoverage="100" branchCoverage="100" maxCyclomaticComplexity="3" minCyclomaticComplexity="1" visitedClasses="1" numClasses="1" visitedMethods="6" numMethods="6" />
          <FullName>ExcelMapper.ExcelHeading</FullName>
          <Methods>
            <Method visited="true" cyclomaticComplexity="1" nPathComplexity="0" sequenceCoverage="100" branchCoverage="100" isConstructor="false" isStatic="false" isGetter="true" isSetter="false">
              <Summary numSequencePoints="1" visitedSequencePoints="1" numBranchPoints="1" visitedBranchPoints="1" sequenceCoverage="100" branchCoverage="100" maxCyclomaticComplexity="1" minCyclomaticComplexity="1" visitedClasses="0" numClasses="0" visitedMethods="1" numMethods="1" />
              <MetadataToken>100663332</MetadataToken>
              <Name>System.Collections.Generic.Dictionary`2&lt;System.Int32,System.String&gt; ExcelMapper.ExcelHeading::get_IndexMapping()</Name>
              <FileRef uid="5" />
              <SequencePoints>
                <SequencePoint vc="10" uspid="194" ordinal="0" offset="0" sl="24" sc="56" el="24" ec="60" bec="0" bev="0" fileid="5" />
              </SequencePoints>
              <BranchPoints />
              <MethodPoint xsi:type="SequencePoint" vc="10" uspid="194" ordinal="0" offset="0" sl="24" sc="56" el="24" ec="60" bec="0" bev="0" fileid="5" />
            </Method>
            <Method visited="true" cyclomaticComplexity="1" nPathComplexity="0" sequenceCoverage="100" branchCoverage="100" isConstructor="false" isStatic="false" isGetter="true" isSetter="false">
              <Summary numSequencePoints="1" visitedSequencePoints="1" numBranchPoints="1" visitedBranchPoints="1" sequenceCoverage="100" branchCoverage="100" maxCyclomaticComplexity="1" minCyclomaticComplexity="1" visitedClasses="0" numClasses="0" visitedMethods="1" numMethods="1" />
              <MetadataToken>100663333</MetadataToken>
              <Name>System.Collections.Generic.Dictionary`2&lt;System.String,System.Int32&gt; ExcelMapper.ExcelHeading::get_NameMapping()</Name>
              <FileRef uid="5" />
              <SequencePoints>
                <SequencePoint vc="217" uspid="195" ordinal="0" offset="0" sl="25" sc="55" el="25" ec="59" bec="0" bev="0" fileid="5" />
              </SequencePoints>
              <BranchPoints />
              <MethodPoint xsi:type="SequencePoint" vc="217" uspid="195" ordinal="0" offset="0" sl="25" sc="55" el="25" ec="59" bec="0" bev="0" fileid="5" />
            </Method>
            <Method visited="true" cyclomaticComplexity="1" nPathComplexity="0" sequenceCoverage="100" branchCoverage="100" isConstructor="false" isStatic="false" isGetter="true" isSetter="false">
              <Summary numSequencePoints="1" visitedSequencePoints="1" numBranchPoints="1" visitedBranchPoints="1" sequenceCoverage="100" branchCoverage="100" maxCyclomaticComplexity="1" minCyclomaticComplexity="1" visitedClasses="0" numClasses="0" visitedMethods="1" numMethods="1" />
              <MetadataToken>100663336</MetadataToken>
              <Name>System.Collections.Generic.IEnumerable`1&lt;System.String&gt; ExcelMapper.ExcelHeading::get_ColumnNames()</Name>
              <FileRef uid="5" />
              <SequencePoints>
                <SequencePoint vc="2" uspid="196" ordinal="0" offset="0" sl="40" sc="51" el="40" ec="67" bec="0" bev="0" fileid="5" />
              </SequencePoints>
              <BranchPoints />
              <MethodPoint xsi:type="SequencePoint" vc="2" uspid="196" ordinal="0" offset="0" sl="40" sc="51" el="40" ec="67" bec="0" bev="0" fileid="5" />
            </Method>
            <Method visited="true" cyclomaticComplexity="2" nPathComplexity="2" sequenceCoverage="100" branchCoverage="100" isConstructor="true" isStatic="false" isGetter="false" isSetter="false">
              <Summary numSequencePoints="15" visitedSequencePoints="15" numBranchPoints="3" visitedBranchPoints="3" sequenceCoverage="100" branchCoverage="100" maxCyclomaticComplexity="2" minCyclomaticComplexity="2" visitedClasses="0" numClasses="0" visitedMethods="1" numMethods="1" />
              <MetadataToken>100663331</MetadataToken>
              <Name>System.Void ExcelMapper.ExcelHeading::.ctor(ExcelDataReader.IExcelDataReader)</Name>
              <FileRef uid="5" />
              <SequencePoints>
                <SequencePoint vc="19" uspid="197" ordinal="0" offset="0" sl="9" sc="9" el="9" ec="55" bec="0" bev="0" fileid="5" />
                <SequencePoint vc="19" uspid="198" ordinal="1" offset="7" sl="10" sc="9" el="10" ec="10" bec="0" bev="0" fileid="5" />
                <SequencePoint vc="19" uspid="199" ordinal="2" offset="8" sl="11" sc="13" el="11" ec="79" bec="0" bev="0" fileid="5" />
                <SequencePoint vc="19" uspid="200" ordinal="3" offset="20" sl="12" sc="13" el="12" ec="78" bec="0" bev="0" fileid="5" />
                <SequencePoint vc="19" uspid="201" ordinal="4" offset="32" sl="13" sc="18" el="13" ec="37" bec="0" bev="0" fileid="5" />
                <SequencePoint vc="162" uspid="202" ordinal="5" offset="36" sl="14" sc="13" el="14" ec="14" bec="0" bev="0" fileid="5" />
                <SequencePoint vc="162" uspid="203" ordinal="6" offset="37" sl="15" sc="17" el="15" ec="67" bec="0" bev="0" fileid="5" />
                <SequencePoint vc="162" uspid="204" ordinal="7" offset="45" sl="16" sc="17" el="16" ec="59" bec="0" bev="0" fileid="5" />
                <SequencePoint vc="162" uspid="205" ordinal="8" offset="54" sl="17" sc="17" el="17" ec="58" bec="0" bev="0" fileid="5" />
                <SequencePoint vc="162" uspid="206" ordinal="9" offset="63" sl="18" sc="13" el="18" ec="14" bec="0" bev="0" fileid="5" />
                <SequencePoint vc="162" uspid="207" ordinal="10" offset="64" sl="13" sc="72" el="13" ec="85" bec="0" bev="0" fileid="5" />
                <SequencePoint vc="181" uspid="208" ordinal="11" offset="68" sl="13" sc="39" el="13" ec="70" bec="2" bev="2" fileid="5" />
                <SequencePoint vc="19" uspid="209" ordinal="12" offset="83" sl="20" sc="13" el="20" ec="41" bec="0" bev="0" fileid="5" />
                <SequencePoint vc="19" uspid="210" ordinal="13" offset="90" sl="21" sc="13" el="21" ec="39" bec="0" bev="0" fileid="5" />
                <SequencePoint vc="19" uspid="211" ordinal="14" offset="97" sl="22" sc="9" el="22" ec="10" bec="0" bev="0" fileid="5" />
              </SequencePoints>
              <BranchPoints>
                <BranchPoint vc="19" uspid="212" ordinal="0" offset="81" sl="13" path="0" offsetend="83" fileid="5" />
                <BranchPoint vc="162" uspid="213" ordinal="1" offset="81" sl="13" path="1" offsetend="36" fileid="5" />
              </BranchPoints>
              <MethodPoint xsi:type="SequencePoint" vc="19" uspid="197" ordinal="0" offset="0" sl="9" sc="9" el="9" ec="55" bec="0" bev="0" fileid="5" />
            </Method>
[...]
                <SequencePoint vc="21" uspid="1203" ordinal="7" offset="40" sl="37" sc="9" el="37" ec="10" bec="0" bev="0" fileid="47" />
              </SequencePoints>
              <BranchPoints />
              <MethodPoint xsi:type="SequencePoint" vc="21" uspid="1196" ordinal="0" offset="0" sl="27" sc="9" el="27" ec="10" bec="0" bev="0" fileid="47" />
            </Method>
          </Methods>
        </Class>
        <Class>
          <Summary numSequencePoints="3" visitedSequencePoints="3" numBranchPoints="1" visitedBranchPoints="1" sequenceCoverage="100" branchCoverage="100" maxCyclomaticComplexity="1" minCyclomaticComplexity="1" visitedClasses="1" numClasses="1" visitedMethods="1" numMethods="1" />
          <FullName>ExcelMapper.Mappings.Items.ParseAsStringMappingItem</FullName>
          <Methods>
            <Method visited="true" cyclomaticComplexity="1" nPathComplexity="0" sequenceCoverage="100" branchCoverage="100" isConstructor="false" isStatic="false" isGetter="false" isSetter="false">
              <Summary numSequencePoints="3" visitedSequencePoints="3" numBranchPoints="1" visitedBranchPoints="1" sequenceCoverage="100" branchCoverage="100" maxCyclomaticComplexity="1" minCyclomaticComplexity="1" visitedClasses="0" numClasses="0" visitedMethods="1" numMethods="1" />
              <MetadataToken>100663512</MetadataToken>
              <Name>ExcelMapper.Mappings.PropertyMappingResult ExcelMapper.Mappings.Items.ParseAsStringMappingItem::GetProperty(ExcelMapper.ExcelSheet,System.Int32,ExcelDataReader.IExcelDataReader,ExcelMapper.Mappings.MapResult)</Name>
              <FileRef uid="48" />
              <SequencePoints>
                <SequencePoint vc="129" uspid="1204" ordinal="0" offset="0" sl="8" sc="9" el="8" ec="10" bec="0" bev="0" fileid="48" />
                <SequencePoint vc="129" uspid="1205" ordinal="1" offset="1" sl="9" sc="13" el="9" ec="68" bec="0" bev="0" fileid="48" />
                <SequencePoint vc="129" uspid="1206" ordinal="2" offset="16" sl="10" sc="9" el="10" ec="10" bec="0" bev="0" fileid="48" />
              </SequencePoints>
              <BranchPoints />
              <MethodPoint xsi:type="SequencePoint" vc="129" uspid="1204" ordinal="0" offset="0" sl="8" sc="9" el="8" ec="10" bec="0" bev="0" fileid="48" />
            </Method>
            <Method visited="true" cyclomaticComplexity="1" nPathComplexity="0" sequenceCoverage="0" branchCoverage="0" isConstructor="true" isStatic="false" isGetter="false" isSetter="false">
              <Summary numSequencePoints="0" visitedSequencePoints="0" numBranchPoints="0" visitedBranchPoints="0" sequenceCoverage="0" branchCoverage="0" maxCyclomaticComplexity="1" minCyclomaticComplexity="1" visitedClasses="0" numClasses="0" visitedMethods="0" numMethods="0" />
              <MetadataToken>100663513</MetadataToken>
              <Name>System.Void ExcelMapper.Mappings.Items.ParseAsStringMappingItem::.ctor()</Name>
              <SequencePoints />
              <BranchPoints />
              <MethodPoint vc="93" uspid="1207" ordinal="0" offset="0" />
            </Method>
          </Methods>
        </Class>
        <Class>
          <Summary numSequencePoints="6" visitedSequencePoints="6" numBranchPoints="3" visitedBranchPoints="3" sequenceCoverage="100" branchCoverage="100" maxCyclomaticComplexity="1" minCyclomaticComplexity="1" visitedClasses="1" numClasses="1" visitedMethods="3" numMethods="3" />
          <FullName>ExcelMapper.Mappings.Fallbacks.FixedValueFallback</FullName>
          <Methods>
            <Method visited="true" cyclomaticComplexity="1" nPathComplexity="0" sequenceCoverage="100" branchCoverage="100" isConstructor="false" isStatic="false" isGetter="true" isSetter="false">
              <Summary numSequencePoints="1" visitedSequencePoints="1" numBranchPoints="1" visitedBranchPoints="1" sequenceCoverage="100" branchCoverage="100" maxCyclomaticComplexity="1" minCyclomaticComplexity="1" visitedClasses="0" numClasses="0" visitedMethods="1" numMethods="1" />
              <MetadataToken>100663514</MetadataToken>
              <Name>System.Object ExcelMapper.Mappings.Fallbacks.FixedValueFallback::get_Value()</Name>
              <FileRef uid="49" />
              <SequencePoints>
                <SequencePoint vc="83" uspid="1208" ordinal="0" offset="0" sl="7" sc="31" el="7" ec="35" bec="0" bev="0" fileid="49" />
              </SequencePoints>
              <BranchPoints />
              <MethodPoint xsi:type="SequencePoint" vc="83" uspid="1208" ordinal="0" offset="0" sl="7" sc="31" el="7" ec="35" bec="0" bev="0" fileid="49" />
            </Method>
            <Method visited="true" cyclomaticComplexity="1" nPathComplexity="0" sequenceCoverage="100" branchCoverage="100" isConstructor="true" isStatic="false" isGetter="false" isSetter="false">
              <Summary numSequencePoints="2" visitedSequencePoints="2" numBranchPoints="1" visitedBranchPoints="1" sequenceCoverage="100" branchCoverage="100" maxCyclomaticComplexity="1" minCyclomaticComplexity="1" visitedClasses="0" numClasses="0" visitedMethods="1" numMethods="1" />
              <MetadataToken>100663515</MetadataToken>
              <Name>System.Void ExcelMapper.Mappings.Fallbacks.FixedValueFallback::.ctor(System.Object)</Name>
              <FileRef uid="49" />
              <SequencePoints>
                <SequencePoint vc="174" uspid="1209" ordinal="0" offset="0" sl="9" sc="9" el="9" ec="48" bec="0" bev="0" fileid="49" />
                <SequencePoint vc="174" uspid="1210" ordinal="1" offset="7" sl="9" sc="52" el="9" ec="65" bec="0" bev="0" fileid="49" />
              </SequencePoints>
              <BranchPoints />
              <MethodPoint xsi:type="SequencePoint" vc="174" uspid="1209" ordinal="0" offset="0" sl="9" sc="9" el="9" ec="48" bec="0" bev="0" fileid="49" />
            </Method>
            <Method visited="true" cyclomaticComplexity="1" nPathComplexity="0" sequenceCoverage="100" branchCoverage="100" isConstructor="false" isStatic="false" isGetter="false" isSetter="false">
              <Summary numSequencePoints="3" visitedSequencePoints="3" numBranchPoints="1" visitedBranchPoints="1" sequenceCoverage="100" branchCoverage="100" maxCyclomaticComplexity="1" minCyclomaticComplexity="1" visitedClasses="0" numClasses="0" visitedMethods="1" numMethods="1" />
              <MetadataToken>100663516</MetadataToken>
              <Name>ExcelMapper.Mappings.PropertyMappingResult ExcelMapper.Mappings.Fallbacks.FixedValueFallback::GetProperty(ExcelMapper.ExcelSheet,System.Int32,ExcelDataReader.IExcelDataReader,ExcelMapper.Mappings.MapResult)</Name>
              <FileRef uid="49" />
              <SequencePoints>
                <SequencePoint vc="79" uspid="1211" ordinal="0" offset="0" sl="12" sc="9" el="12" ec="10" bec="0" bev="0" fileid="49" />
                <SequencePoint vc="79" uspid="1212" ordinal="1" offset="1" sl="13" sc="13" el="13" ec="57" bec="0" bev="0" fileid="49" />
                <SequencePoint vc="79" uspid="1213" ordinal="2" offset="15" sl="14" sc="9" el="14" ec="10" bec="0" bev="0" fileid="49" />
              </SequencePoints>
              <BranchPoints />
              <MethodPoint xsi:type="SequencePoint" vc="79" uspid="1211" ordinal="0" offset="0" sl="12" sc="9" el="12" ec="10" bec="0" bev="0" fileid="49" />
            </Method>
          </Methods>
        </Class>
        <Class>
          <Summary numSequencePoints="2" visitedSequencePoints="2" numBranchPoints="1" visitedBranchPoints="1" sequenceCoverage="100" branchCoverage="100" maxCyclomaticComplexity="1" minCyclomaticComplexity="1" visitedClasses="1" numClasses="1" visitedMethods="1" numMethods="1" />
          <FullName>ExcelMapper.Mappings.Fallbacks.ThrowFallback</FullName>
          <Methods>
            <Method visited="true" cyclomaticComplexity="1" nPathComplexity="0" sequenceCoverage="100" branchCoverage="100" isConstructor="false" isStatic="false" isGetter="false" isSetter="false">
              <Summary numSequencePoints="2" visitedSequencePoints="2" numBranchPoints="1" visitedBranchPoints="1" sequenceCoverage="100" branchCoverage="100" maxCyclomaticComplexity="1" minCyclomaticComplexity="1" visitedClasses="0" numClasses="0" visitedMethods="1" numMethods="1" />
              <MetadataToken>100663517</MetadataToken>
              <Name>ExcelMapper.Mappings.PropertyMappingResult ExcelMapper.Mappings.Fallbacks.ThrowFallback::GetProperty(ExcelMapper.ExcelSheet,System.Int32,ExcelDataReader.IExcelDataReader,ExcelMapper.Mappings.MapResult)</Name>
              <FileRef uid="50" />
              <SequencePoints>
                <SequencePoint vc="1" uspid="1214" ordinal="0" offset="0" sl="8" sc="9" el="8" ec="10" bec="0" bev="0" fileid="50" />
                <SequencePoint vc="1" uspid="1215" ordinal="1" offset="1" sl="9" sc="13" el="9" ec="163" bec="0" bev="0" fileid="50" />
              </SequencePoints>
              <BranchPoints />
              <MethodPoint xsi:type="SequencePoint" vc="1" uspid="1214" ordinal="0" offset="0" sl="8" sc="9" el="8" ec="10" bec="0" bev="0" fileid="50" />
            </Method>
            <Method visited="true" cyclomaticComplexity="1" nPathComplexity="0" sequenceCoverage="0" branchCoverage="0" isConstructor="true" isStatic="false" isGetter="false" isSetter="false">
              <Summary numSequencePoints="0" visitedSequencePoints="0" numBranchPoints="0" visitedBranchPoints="0" sequenceCoverage="0" branchCoverage="0" maxCyclomaticComplexity="1" minCyclomaticComplexity="1" visitedClasses="0" numClasses="0" visitedMethods="0" numMethods="0" />
              <MetadataToken>100663518</MetadataToken>
              <Name>System.Void ExcelMapper.Mappings.Fallbacks.ThrowFallback::.ctor()</Name>
              <SequencePoints />
              <BranchPoints />
              <MethodPoint vc="111" uspid="1216" ordinal="0" offset="0" />
            </Method>
          </Methods>
        </Class>
      </Classes>
    </Module>
    <Module skippedDueTo="MissingPdb" hash="FD-79-0B-2B-C6-D9-04-BE-24-1A-97-08-90-30-55-06-9D-D4-BD-7F">
      <ModulePath>C:\Users\hugh\Documents\GitHub\excel-mapper\src\ExcelMapper.Tests\bin\Debug\net46\ExcelDataReader.dll</ModulePath>
      <ModuleTime>2017-07-01T00:45:08Z</ModuleTime>
      <ModuleName>ExcelDataReader</ModuleName>
      <Classes />
    </Module>
    <Module skippedDueTo="MissingPdb" hash="05-26-DA-30-4C-F1-F8-80-00-1B-CF-9B-D8-4F-41-E9-B7-6B-14-43">
      <ModulePath>C:\Users\hugh\.nuget\packages\xunit.runner.console\2.3.0-beta3-build3705\tools\net452\xunit.runner.utility.net452.dll</ModulePath>
      <ModuleTime>2017-06-08T06:58:50Z</ModuleTime>
      <ModuleName>xunit.runner.utility.net452</ModuleName>
      <Classes />
    </Module>
    <Module skippedDueTo="MissingPdb" hash="65-5E-31-B7-F8-FE-26-52-25-8F-0A-D2-D8-6E-39-0F-97-5A-43-F3">
      <ModulePath>C:\Users\hugh\Documents\GitHub\excel-mapper\src\ExcelMapper.Tests\bin\Debug\net46\xunit.execution.desktop.dll</ModulePath>
      <ModuleTime>2017-02-19T08:18:04Z</ModuleTime>
      <ModuleName>xunit.execution.desktop</ModuleName>
      <Classes />
    </Module>
    <Module skippedDueTo="MissingPdb" hash="9E-A9-5D-7F-86-82-4D-02-7D-07-AD-C0-17-06-5D-73-8F-1F-28-44">
      <ModulePath>C:\Users\hugh\Documents\GitHub\excel-mapper\src\ExcelMapper.Tests\bin\Debug\net46\xunit.abstractions.dll</ModulePath>
      <ModuleTime>2017-02-19T08:24:26Z</ModuleTime>
      <ModuleName>xunit.abstractions</ModuleName>
      <Classes />
    </Module>
    <Module skippedDueTo="Filter" hash="79-2F-E4-81-15-23-A9-72-6E-4B-61-08-E7-03-D3-3D-F2-DA-F6-11">
      <ModulePath>C:\WINDOWS\Microsoft.Net\assembly\GAC_MSIL\System\v4.0_4.0.0.0__b77a5c561934e089\System.dll</ModulePath>
      <ModuleTime>2017-06-08T08:17:31.2698335Z</ModuleTime>
      <ModuleName>System</ModuleName>
      <Classes />
    </Module>
    <Module skippedDueTo="Filter" hash="1C-44-A6-05-4B-7E-56-1A-15-5A-0C-18-C7-CC-5B-A4-56-05-CD-05">
      <ModulePath>C:\Users\hugh\Documents\GitHub\excel-mapper\src\ExcelMapper.Tests\bin\Debug\net46\ExcelMapper.Tests.exe</ModulePath>
      <ModuleTime>2017-07-12T09:07:02.5551145Z</ModuleTime>
      <ModuleName>ExcelMapper.Tests</ModuleName>
      <Classes />
    </Module>
    <Module skippedDueTo="MissingPdb" hash="8B-76-87-85-10-FD-4F-D5-FA-3B-F0-FC-6E-D4-B3-E1-09-23-E7-15">
      <ModulePath>C:\Users\hugh\.nuget\packages\xunit.runner.console\2.3.0-beta3-build3705\tools\net452\xunit.console.exe</ModulePath>
      <ModuleTime>2017-06-08T06:58:50Z</ModuleTime>
      <ModuleName>xunit.console</ModuleName>
      <Classes />
    </Module>
    <Module skippedDueTo="Filter" hash="D0-60-0C-D0-DA-1B-FE-75-35-FA-19-18-0B-33-D0-3F-23-E1-2D-EE">
      <ModulePath>C:\WINDOWS\Microsoft.Net\assembly\GAC_MSIL\System.Core\v4.0_4.0.0.0__b77a5c561934e089\System.Core.dll</ModulePath>
      <ModuleTime>2017-06-08T08:17:31.2698335Z</ModuleTime>
      <ModuleName>System.Core</ModuleName>
      <Classes />
    </Module>
    <Module skippedDueTo="MissingPdb" hash="B4-1C-0E-F5-FD-FF-9B-C4-1E-A4-FC-70-D7-8F-C0-AC-9B-CC-1F-13">
      <ModulePath>C:\Users\hugh\Documents\GitHub\excel-mapper\src\ExcelMapper.Tests\bin\Debug\net46\xunit.core.dll</ModulePath>
      <ModuleTime>2017-02-19T08:18:04Z</ModuleTime>
      <ModuleName>xunit.core</ModuleName>
      <Classes />
    </Module>
    <Module skippedDueTo="Filter" hash="63-02-4A-CB-0D-89-B1-A5-EB-F8-7B-AB-52-77-A5-45-B8-9D-6B-8F">
      <ModulePath>C:\WINDOWS\Microsoft.Net\assembly\GAC_MSIL\System.Runtime\v4.0_4.0.0.0__b03f5f7f11d50a3a\System.Runtime.dll</ModulePath>
      <ModuleTime>2017-03-18T20:59:43.9469001Z</ModuleTime>
      <ModuleName>System.Runtime</ModuleName>
      <Classes />
    </Module>
    <Module skippedDueTo="Filter" hash="28-C7-F1-D2-B6-62-A4-31-36-3F-31-93-5D-F9-9F-81-C1-48-1A-D4">
      <ModulePath>C:\WINDOWS\Microsoft.Net\assembly\GAC_MSIL\System.Threading.Tasks\v4.0_4.0.0.0__b03f5f7f11d50a3a\System.Threading.Tasks.dll</ModulePath>
      <ModuleTime>2017-03-18T20:59:48.0566246Z</ModuleTime>
      <ModuleName>System.Threading.Tasks</ModuleName>
      <Classes />
    </Module>
    <Module skippedDueTo="Filter" hash="2F-2D-15-1B-6D-49-89-92-78-0A-0D-90-DB-18-08-79-54-D3-E6-67">
      <ModulePath>C:\WINDOWS\Microsoft.Net\assembly\GAC_MSIL\System.Collections\v4.0_4.0.0.0__b03f5f7f11d50a3a\System.Collections.dll</ModulePath>
      <ModuleTime>2017-03-18T20:59:46.0564541Z</ModuleTime>
      <ModuleName>System.Collections</ModuleName>
      <Classes />
    </Module>
    <Module skippedDueTo="Filter" hash="31-D7-B7-E6-9C-40-3C-A4-23-F6-67-C3-29-C8-5B-BB-BE-F2-39-F6">
      <ModulePath>C:\WINDOWS\Microsoft.Net\assembly\GAC_MSIL\System.Linq\v4.0_4.0.0.0__b03f5f7f11d50a3a\System.Linq.dll</ModulePath>
      <ModuleTime>2017-03-18T20:59:44.0562844Z</ModuleTime>
      <ModuleName>System.Linq</ModuleName>
      <Classes />
    </Module>
    <Module skippedDueTo="MissingPdb" hash="8B-3E-B0-DD-85-1A-6F-D8-86-4B-F4-A7-2F-45-5D-9F-2C-B3-13-87">
      <ModulePath>C:\Users\hugh\Documents\GitHub\excel-mapper\src\ExcelMapper.Tests\bin\Debug\net46\xunit.assert.dll</ModulePath>
      <ModuleTime>2017-02-19T08:18:04Z</ModuleTime>
      <ModuleName>xunit.assert</ModuleName>
      <Classes />
    </Module>
    <Module skippedDueTo="Filter" hash="48-A7-A4-68-27-ED-0F-79-7B-36-BA-EC-8F-57-FB-98-DE-54-15-24">
      <ModulePath>C:\Users\hugh\Documents\GitHub\excel-mapper\src\ExcelMapper.Tests\bin\Debug\net46\System.Text.Encoding.CodePages.dll</ModulePath>
      <ModuleTime>2017-06-05T03:48:42.131781Z</ModuleTime>
      <ModuleName>System.Text.Encoding.CodePages</ModuleName>
      <Classes />
    </Module>
    <Module skippedDueTo="MissingPdb" hash="FD-79-0B-2B-C6-D9-04-BE-24-1A-97-08-90-30-55-06-9D-D4-BD-7F">
      <ModulePath>C:\Users\hugh\Documents\GitHub\excel-mapper\src\ExcelMapper.Tests\bin\Debug\net46\ExcelDataReader.dll</ModulePath>
      <ModuleTime>2017-07-01T00:45:08Z</ModuleTime>
      <ModuleName>ExcelDataReader</ModuleName>
      <Classes />
    </Module>
    <Module skippedDueTo="Filter" hash="16-A8-3D-D3-CC-49-33-89-FB-E2-58-84-F9-F9-AB-20-03-9C-06-54">
      <ModulePath>C:\WINDOWS\Microsoft.Net\assembly\GAC_MSIL\System.Text.Encoding\v4.0_4.0.0.0__b03f5f7f11d50a3a\System.Text.Encoding.dll</ModulePath>
      <ModuleTime>2017-03-18T20:59:43.9625256Z</ModuleTime>
      <ModuleName>System.Text.Encoding</ModuleName>
      <Classes />
    </Module>
    <Module skippedDueTo="Filter" hash="27-66-C8-D0-90-FA-62-6B-33-AF-58-9A-78-FF-5F-A5-A4-8E-85-75">
      <ModulePath>C:\WINDOWS\Microsoft.Net\assembly\GAC_MSIL\System.Reflection\v4.0_4.0.0.0__b03f5f7f11d50a3a\System.Reflection.dll</ModulePath>
      <ModuleTime>2017-03-18T20:59:42.2436309Z</ModuleTime>
      <ModuleName>System.Reflection</ModuleName>
      <Classes />
    </Module>
    <Module skippedDueTo="Filter" hash="C3-25-79-70-A4-96-EB-61-46-9A-7D-44-6A-F1-69-36-34-10-23-32">
      <ModulePath>C:\WINDOWS\Microsoft.Net\assembly\GAC_MSIL\System.Threading\v4.0_4.0.0.0__b03f5f7f11d50a3a\System.Threading.dll</ModulePath>
      <ModuleTime>2017-03-18T20:59:42.3061358Z</ModuleTime>
      <ModuleName>System.Threading</ModuleName>
      <Classes />
    </Module>
    <Module skippedDueTo="Filter" hash="30-96-FE-A8-20-7F-74-88-78-7A-03-19-27-C1-FF-1D-63-28-69-7A">
      <ModulePath>C:\WINDOWS\Microsoft.Net\assembly\GAC_64\System.Data\v4.0_4.0.0.0__b77a5c561934e089\System.Data.dll</ModulePath>
      <ModuleTime>2017-03-18T20:59:45.6970483Z</ModuleTime>
      <ModuleName>System.Data</ModuleName>
      <Classes />
    </Module>
    <Module skippedDueTo="Filter" hash="69-87-8B-71-7B-E8-74-6B-10-08-FD-B8-44-BB-E3-B0-62-71-6B-59">
      <ModulePath>C:\WINDOWS\Microsoft.Net\assembly\GAC_MSIL\System.IO\v4.0_4.0.0.0__b03f5f7f11d50a3a\System.IO.dll</ModulePath>
      <ModuleTime>2017-03-18T20:59:45.9783225Z</ModuleTime>
      <ModuleName>System.IO</ModuleName>
      <Classes />
    </Module>
    <Module skippedDueTo="Filter" hash="86-8F-EE-1B-9D-BD-13-0B-C0-3F-CA-FB-D3-38-9D-29-55-42-91-F3">
      <ModulePath>C:\WINDOWS\Microsoft.Net\assembly\GAC_MSIL\System.Runtime.InteropServices\v4.0_4.0.0.0__b03f5f7f11d50a3a\System.Runtime.InteropServices.dll</ModulePath>
      <ModuleTime>2017-03-18T20:59:43.9625256Z</ModuleTime>
      <ModuleName>System.Runtime.InteropServices</ModuleName>
      <Classes />
    </Module>
    <Module skippedDueTo="Filter" hash="B3-99-05-F1-8A-7D-6C-C8-C7-44-41-70-EB-B1-74-0F-76-68-F6-83">
      <ModulePath>C:\WINDOWS\Microsoft.Net\assembly\GAC_MSIL\System.Runtime.Handles\v4.0_4.0.0.0__b03f5f7f11d50a3a\System.Runtime.Handles.dll</ModulePath>
      <ModuleTime>2017-03-18T20:59:47.9628659Z</ModuleTime>
      <ModuleName>System.Runtime.Handles</ModuleName>
      <Classes />
    </Module>
    <Module skippedDueTo="Filter" hash="4A-65-97-B6-E1-9C-9D-19-46-A5-95-DD-C9-3A-08-BF-7D-98-60-6A">
      <ModulePath>C:\WINDOWS\Microsoft.Net\assembly\GAC_MSIL\System.IO.Compression\v4.0_4.0.0.0__b77a5c561934e089\System.IO.Compression.dll</ModulePath>
      <ModuleTime>2017-03-18T20:59:45.9939488Z</ModuleTime>
      <ModuleName>System.IO.Compression</ModuleName>
      <Classes />
    </Module>
    <Module skippedDueTo="Filter" hash="BC-3D-7B-FA-41-15-98-9E-BD-CB-6E-11-CC-4E-F2-49-2D-A6-58-72">
      <ModulePath>C:\WINDOWS\Microsoft.Net\assembly\GAC_MSIL\System.Xml\v4.0_4.0.0.0__b77a5c561934e089\System.Xml.dll</ModulePath>
      <ModuleTime>2017-03-18T20:59:43.8218895Z</ModuleTime>
      <ModuleName>System.Xml</ModuleName>
      <Classes />
    </Module>
    <Module skippedDueTo="Filter" hash="46-09-E4-21-D0-B0-0D-A2-4F-85-8E-48-D6-7A-C3-82-BD-FE-F6-E4">
      <ModulePath>C:\WINDOWS\Microsoft.Net\assembly\GAC_MSIL\System.Reflection.Extensions\v4.0_4.0.0.0__b03f5f7f11d50a3a\System.Reflection.Extensions.dll</ModulePath>
      <ModuleTime>2017-03-18T20:59:44.0250313Z</ModuleTime>
      <ModuleName>System.Reflection.Extensions</ModuleName>
      <Classes />
    </Module>
  </Modules>
</CoverageSession>